=======================================================================
TARS INSTALLATION SESSION STARTED
=======================================================================
📅 Fecha: Sun 29 Jun 15:07:57 CEST 2025
🤖 Sistema: Linux tarspi 6.6.51+rpt-rpi-2712 #1 SMP PREEMPT Debian 1:6.6.51-1+rpt3 (2024-10-08) aarch64 GNU/Linux
👤 Usuario: tarsadmin
🏠 Directorio: /home/tarsadmin/tars_files
🌡️  Temperatura: temp=45.5'C
💾 Memoria: Mem:           7.9Gi       226Mi       3.2Gi       5.4Mi       4.5Gi       7.6Gi
💿 Disco: /dev/mmcblk0p2   59G  6.0G   50G  11% /
🎬 SESIÓN INICIADA - TIMESTAMP: 1751202477
=======================================================================

Script started on 2025-06-29 15:07:57+02:00 [TERM="xterm" TTY="/dev/pts/0" COLUMNS="237" LINES="64"]
tarsadmin@tarspi:~/tars_files $ sudo apt update && sudo apt full-upgrade -y  
tarsadmin@tarspi:~/tars_files $ sudo apt update && sudo apt full-upgrade -y  
sudo reboot
Get:1 http://deb.debian.org/debian bookworm InRelease [151 kB]
Get:2 http://deb.debian.org/debian-security bookworm-security InRelease [48.0 kB]
Get:3 http://deb.debian.org/debian bookworm-updates InRelease [55.4 kB]     
Get:4 http://archive.raspberrypi.com/debian bookworm InRelease [55.0 kB]    
Get:5 http://deb.debian.org/debian bookworm/main arm64 Packages [8,693 kB]
Get:6 http://archive.raspberrypi.com/debian bookworm/main arm64 Packages [543 kB]
Get:7 http://deb.debian.org/debian bookworm/main armhf Packages [8,508 kB]
Get:8 http://archive.raspberrypi.com/debian bookworm/main armhf Packages [544 kB]         
Get:9 http://deb.debian.org/debian bookworm/main Translation-en [6,109 kB]              
Get:10 http://deb.debian.org/debian bookworm/contrib armhf Packages [42.9 kB]
Get:11 http://deb.debian.org/debian bookworm/contrib arm64 Packages [45.7 kB]
Get:12 http://deb.debian.org/debian bookworm/contrib Translation-en [48.4 kB]
Get:13 http://deb.debian.org/debian bookworm/non-free arm64 Packages [75.8 kB]
Get:14 http://deb.debian.org/debian bookworm/non-free armhf Packages [55.9 kB]
Get:15 http://deb.debian.org/debian bookworm/non-free Translation-en [68.1 kB]
Get:16 http://deb.debian.org/debian bookworm/non-free-firmware arm64 Packages [5,832 B]
Get:17 http://deb.debian.org/debian bookworm/non-free-firmware Translation-en [20.9 kB]
Get:18 http://deb.debian.org/debian-security bookworm-security/main armhf Packages [251 kB]
Get:19 http://deb.debian.org/debian-security bookworm-security/main arm64 Packages [265 kB]
Get:20 http://deb.debian.org/debian-security bookworm-security/main Translation-en [161 kB]
Get:21 http://deb.debian.org/debian-security bookworm-security/contrib arm64 Packages [508 B]
Get:22 http://deb.debian.org/debian-security bookworm-security/contrib armhf Packages [504 B]
Get:23 http://deb.debian.org/debian-security bookworm-security/contrib Translation-en [652 B]
Get:24 http://deb.debian.org/debian bookworm-updates/main arm64 Packages [756 B]
Get:25 http://deb.debian.org/debian bookworm-updates/main armhf Packages [756 B]
Get:26 http://deb.debian.org/debian bookworm-updates/main Translation-en [664 B]
Fetched 25.8 MB in 3s (8,090 kB/s)                             
Reading package lists... Done
Building dependency tree... Done
Reading state information... Done
154 packages can be upgraded. Run 'apt list --upgradable' to see them.
N: Repository 'http://deb.debian.org/debian bookworm InRelease' changed its 'Version' value from '12.8' to '12.11'
Reading package lists... Done
Building dependency tree... Done
Reading state information... Done
Calculating upgrade... Done
The following package was automatically installed and is no longer required:
  libcamera0.3
Use 'sudo apt autoremove' to remove it.
The following NEW packages will be installed:
  firmware-intel-graphics firmware-intel-misc firmware-marvell-prestera firmware-mediatek firmware-nvidia-graphics libcamera0.5 libdtovl0 libgpiolib0 linux-headers-6.12.25+rpt-common-rpi linux-headers-6.12.25+rpt-rpi-2712
  linux-headers-6.12.25+rpt-rpi-v8 linux-image-6.12.25+rpt-rpi-2712 linux-image-6.12.25+rpt-rpi-v8 linux-kbuild-6.12.25+rpt
The following packages will be upgraded:
  avahi-daemon base-files bash bsdextrautils bsdutils busybox ca-certificates cpp-12 curl debian-archive-keyring distro-info-data dns-root-data dnsmasq-base eject fdisk firmware-atheros firmware-brcm80211 firmware-libertas
  firmware-misc-nonfree firmware-realtek g++-12 gcc-12 gcc-12-base initramfs-tools initramfs-tools-core libabsl20220623 libasan8 libatomic1 libavahi-common-data libavahi-common3 libavahi-core7 libavif15 libblkid1 libblockdev-crypto2
  libblockdev-fs2 libblockdev-loop2 libblockdev-part-err2 libblockdev-part2 libblockdev-swap2 libblockdev-utils2 libblockdev2 libc-bin libc-dev-bin libc-devtools libc-l10n libc6 libc6-dbg libc6-dev libcamera-ipa libcamera0.3 libcap2
  libcap2-bin libcc1-0 libcurl3-gnutls libcurl4 libebml5 libfdisk1 libfreetype6 libgcc-12-dev libgcc-s1 libglib2.0-0 libglib2.0-data libgnutls30 libgomp1 libgssapi-krb5-2 libhwasan0 libicu72 libitm1 libk5crypto3 libkrb5-3
  libkrb5support0 liblsan0 liblzma5 libmount1 libnfsidmap1 libnm0 libnuma1 libpam-systemd libperl5.36 libpisp-common libpisp1 libpython3.11 libpython3.11-minimal libpython3.11-stdlib libqt5core5a libsmartcols1 libssl3 libstdc++-12-dev
  libstdc++6 libsystemd-shared libsystemd0 libtasn1-6 libtiff6 libtsan2 libubsan1 libudev1 libudisks2-0 libuuid1 libxml2 linux-headers-rpi-2712 linux-headers-rpi-v8 linux-image-rpi-2712 linux-image-rpi-v8 linux-libc-dev locales login
  mount net-tools network-manager nfs-common openssh-client openssh-server openssh-sftp-server openssl passwd perl perl-base perl-modules-5.36 python3-pkg-resources python3-setuptools-whl python3-urllib3 python3.11 python3.11-minimal
  python3.11-venv raspberrypi-net-mods raspberrypi-sys-mods raspi-config raspi-firmware raspi-utils raspi-utils-core raspi-utils-dt raspi-utils-eeprom raspi-utils-otp raspinfo rfkill rpi-eeprom rpicam-apps-lite rsync ssh systemd
  systemd-sysv systemd-timesyncd tzdata ucf udev udisks2 userconf-pi util-linux util-linux-extra vim-common vim-tiny wget wireless-regdb xz-utils
154 upgraded, 14 newly installed, 0 to remove and 0 not upgraded.
Need to get 384 MB of archives.
After this operation, 294 MB of additional disk space will be used.
Get:1 http://deb.debian.org/debian bookworm/main arm64 base-files arm64 12.4+deb12u11 [70.9 kB]
Get:2 http://deb.debian.org/debian bookworm/main arm64 bash arm64 5.2.15-2+b8 [1,444 kB]
Get:3 http://archive.raspberrypi.com/debian bookworm/main arm64 libc6-dbg arm64 2.36-9+rpt2+deb12u12 [8,131 kB]
Get:4 http://deb.debian.org/debian bookworm/main arm64 bsdutils arm64 1:2.38.1-5+deb12u3 [94.2 kB]
Get:5 http://deb.debian.org/debian bookworm/main arm64 login arm64 1:4.13+dfsg1-1+deb12u1 [614 kB]
Get:6 http://deb.debian.org/debian bookworm/main arm64 libperl5.36 arm64 5.36.0-7+deb12u2 [4,027 kB]
Get:7 http://deb.debian.org/debian bookworm/main arm64 perl arm64 5.36.0-7+deb12u2 [239 kB]
Get:8 http://deb.debian.org/debian bookworm/main arm64 perl-base arm64 5.36.0-7+deb12u2 [1,477 kB]
Get:9 http://deb.debian.org/debian bookworm/main arm64 perl-modules-5.36 all 5.36.0-7+deb12u2 [2,815 kB]
Get:10 http://deb.debian.org/debian bookworm/main arm64 libcc1-0 arm64 12.2.0-14+deb12u1 [37.7 kB]
Get:11 http://deb.debian.org/debian bookworm/main arm64 gcc-12-base arm64 12.2.0-14+deb12u1 [37.6 kB]
Get:12 http://deb.debian.org/debian bookworm/main arm64 libgcc-s1 arm64 12.2.0-14+deb12u1 [34.8 kB]
Get:13 http://deb.debian.org/debian bookworm/main arm64 libgomp1 arm64 12.2.0-14+deb12u1 [104 kB]
Get:14 http://deb.debian.org/debian bookworm/main arm64 libitm1 arm64 12.2.0-14+deb12u1 [24.0 kB]
Get:15 http://deb.debian.org/debian bookworm/main arm64 libatomic1 arm64 12.2.0-14+deb12u1 [9,568 B]
Get:16 http://deb.debian.org/debian bookworm/main arm64 libasan8 arm64 12.2.0-14+deb12u1 [2,096 kB]
Get:17 http://deb.debian.org/debian bookworm/main arm64 liblsan0 arm64 12.2.0-14+deb12u1 [926 kB]
Get:18 http://deb.debian.org/debian bookworm/main arm64 libtsan2 arm64 12.2.0-14+deb12u1 [2,178 kB]
Get:19 http://archive.raspberrypi.com/debian bookworm/main arm64 libc-devtools arm64 2.36-9+rpt2+deb12u12 [61.4 kB]
Get:20 http://deb.debian.org/debian bookworm/main arm64 libubsan1 arm64 12.2.0-14+deb12u1 [862 kB]
Get:21 http://archive.raspberrypi.com/debian bookworm/main arm64 libc6-dev arm64 2.36-9+rpt2+deb12u12 [2,102 kB]
Get:22 http://archive.raspberrypi.com/debian bookworm/main arm64 libc-dev-bin arm64 2.36-9+rpt2+deb12u12 [49.9 kB]
Get:23 http://archive.raspberrypi.com/debian bookworm/main arm64 linux-libc-dev all 1:6.12.25-1+rpt1 [2,314 kB]
Get:24 http://deb.debian.org/debian bookworm/main arm64 libhwasan0 arm64 12.2.0-14+deb12u1 [999 kB]
Get:25 http://archive.raspberrypi.com/debian bookworm/main arm64 libc6 arm64 2.36-9+rpt2+deb12u12 [5,001 kB]
Get:26 http://deb.debian.org/debian bookworm/main arm64 g++-12 arm64 12.2.0-14+deb12u1 [9,072 kB]
Get:27 http://archive.raspberrypi.com/debian bookworm/main arm64 libc-bin arm64 2.36-9+rpt2+deb12u12 [753 kB]
Get:28 http://archive.raspberrypi.com/debian bookworm/main arm64 libssl3 arm64 3.0.16-1~deb12u1+rpt1 [2,365 kB]
Get:29 http://archive.raspberrypi.com/debian bookworm/main arm64 raspi-firmware all 1:1.20250430-4~bookworm [12.8 MB]
Get:30 http://archive.raspberrypi.com/debian bookworm/main arm64 openssl arm64 3.0.16-1~deb12u1+rpt1 [1,497 kB]
Get:31 http://archive.raspberrypi.com/debian bookworm/main arm64 libc-l10n all 2.36-9+rpt2+deb12u12 [1,541 kB]
Get:32 http://archive.raspberrypi.com/debian bookworm/main arm64 locales all 2.36-9+rpt2+deb12u12 [5,086 kB]
Get:33 http://archive.raspberrypi.com/debian bookworm/main arm64 initramfs-tools-core all 0.142+rpt3+deb12u3 [53.5 kB]
Get:34 http://archive.raspberrypi.com/debian bookworm/main arm64 initramfs-tools all 0.142+rpt3+deb12u3 [17.4 kB]
Get:35 http://archive.raspberrypi.com/debian bookworm/main arm64 firmware-atheros all 1:20240709-2~bpo12+1+rpt3 [22.9 MB]
Get:36 http://deb.debian.org/debian bookworm/main arm64 libstdc++-12-dev arm64 12.2.0-14+deb12u1 [2,007 kB]
Get:37 http://deb.debian.org/debian bookworm/main arm64 libgcc-12-dev arm64 12.2.0-14+deb12u1 [956 kB]
Get:38 http://deb.debian.org/debian bookworm/main arm64 gcc-12 arm64 12.2.0-14+deb12u1 [16.3 MB]
Get:39 http://archive.raspberrypi.com/debian bookworm/main arm64 firmware-brcm80211 all 1:20240709-2~bpo12+1+rpt3 [5,923 kB]
Get:40 http://archive.raspberrypi.com/debian bookworm/main arm64 firmware-misc-nonfree all 1:20240709-2~bpo12+1+rpt3 [4,250 kB]
Get:41 http://archive.raspberrypi.com/debian bookworm/main arm64 firmware-intel-graphics all 1:20240709-2~bpo12+1+rpt3 [5,209 kB]
Get:42 http://deb.debian.org/debian bookworm/main arm64 cpp-12 arm64 12.2.0-14+deb12u1 [8,228 kB]
Get:43 http://archive.raspberrypi.com/debian bookworm/main arm64 firmware-intel-misc all 1:20240709-2~bpo12+1+rpt3 [322 kB]
Get:44 http://archive.raspberrypi.com/debian bookworm/main arm64 firmware-libertas all 1:20240709-2~bpo12+1+rpt3 [3,619 kB]
Get:45 http://archive.raspberrypi.com/debian bookworm/main arm64 firmware-marvell-prestera all 1:20240709-2~bpo12+1+rpt3 [61.3 MB]
Get:46 http://deb.debian.org/debian bookworm/main arm64 libstdc++6 arm64 12.2.0-14+deb12u1 [557 kB]
Get:47 http://deb.debian.org/debian bookworm/main arm64 libsmartcols1 arm64 2.38.1-5+deb12u3 [104 kB]
Get:48 http://deb.debian.org/debian bookworm/main arm64 util-linux-extra arm64 2.38.1-5+deb12u3 [112 kB]
Get:49 http://deb.debian.org/debian bookworm/main arm64 util-linux arm64 2.38.1-5+deb12u3 [1,143 kB]
Get:50 http://deb.debian.org/debian bookworm/main arm64 mount arm64 2.38.1-5+deb12u3 [134 kB]
Get:51 http://deb.debian.org/debian bookworm/main arm64 libcap2 arm64 1:2.66-4+deb12u1 [26.3 kB]
Get:52 http://deb.debian.org/debian-security bookworm-security/main arm64 systemd-sysv arm64 252.38-1~deb12u1 [42.6 kB]
Get:53 http://deb.debian.org/debian-security bookworm-security/main arm64 libpam-systemd arm64 252.38-1~deb12u1 [209 kB]
Get:54 http://deb.debian.org/debian bookworm/main arm64 libblkid1 arm64 2.38.1-5+deb12u3 [143 kB]
Get:55 http://deb.debian.org/debian bookworm/main arm64 liblzma5 arm64 5.4.1-1 [199 kB]
Get:56 http://deb.debian.org/debian bookworm/main arm64 libmount1 arm64 2.38.1-5+deb12u3 [160 kB]
Get:57 http://deb.debian.org/debian-security bookworm-security/main arm64 systemd-timesyncd arm64 252.38-1~deb12u1 [61.8 kB]
Get:58 http://deb.debian.org/debian-security bookworm-security/main arm64 systemd arm64 252.38-1~deb12u1 [2,839 kB]
Get:59 http://archive.raspberrypi.com/debian bookworm/main arm64 firmware-mediatek all 1:20240709-2~bpo12+1+rpt3 [8,918 kB]
Get:60 http://deb.debian.org/debian-security bookworm-security/main arm64 libsystemd-shared arm64 252.38-1~deb12u1 [1,507 kB]
Get:61 http://deb.debian.org/debian bookworm/main arm64 libuuid1 arm64 2.38.1-5+deb12u3 [28.5 kB]
Get:62 http://deb.debian.org/debian bookworm/main arm64 libfdisk1 arm64 2.38.1-5+deb12u3 [182 kB]
Get:63 http://deb.debian.org/debian-security bookworm-security/main arm64 libsystemd0 arm64 252.38-1~deb12u1 [308 kB]
Get:64 http://deb.debian.org/debian bookworm/main arm64 libgssapi-krb5-2 arm64 1.20.1-2+deb12u3 [124 kB]                                                                                                                                    
Get:65 http://deb.debian.org/debian bookworm/main arm64 libkrb5-3 arm64 1.20.1-2+deb12u3 [313 kB]                                                                                                                                           
Get:66 http://archive.raspberrypi.com/debian bookworm/main arm64 firmware-nvidia-graphics all 1:20240709-2~bpo12+1+rpt3 [39.5 MB]                                                                                                           
Get:67 http://deb.debian.org/debian bookworm/main arm64 libkrb5support0 arm64 1.20.1-2+deb12u3 [32.0 kB]                                                                                                                                    
Get:68 http://deb.debian.org/debian bookworm/main arm64 libk5crypto3 arm64 1.20.1-2+deb12u3 [79.3 kB]                                                                                                                                       
Get:69 http://deb.debian.org/debian bookworm/main arm64 nfs-common arm64 1:2.6.2-4+deb12u1 [251 kB]                                                                                                                                         
Get:70 http://deb.debian.org/debian bookworm/main arm64 libnfsidmap1 arm64 1:2.6.2-4+deb12u1 [52.3 kB]                                                                                                                                      
Get:71 http://deb.debian.org/debian bookworm/main arm64 ucf all 3.0043+nmu1+deb12u1 [55.3 kB]                                                                                                                                               
Get:72 http://deb.debian.org/debian bookworm/main arm64 passwd arm64 1:4.13+dfsg1-1+deb12u1 [946 kB]                                                                                                                                        
Get:73 http://deb.debian.org/debian bookworm/main arm64 openssh-sftp-server arm64 1:9.2p1-2+deb12u6 [60.7 kB]                                                                                                                               
Get:74 http://deb.debian.org/debian bookworm/main arm64 openssh-server arm64 1:9.2p1-2+deb12u6 [413 kB]                                                                                                                                     
Get:75 http://deb.debian.org/debian bookworm/main arm64 openssh-client arm64 1:9.2p1-2+deb12u6 [937 kB]                                                                                                                                     
Get:76 http://deb.debian.org/debian bookworm/main arm64 python3-setuptools-whl all 66.1.1-1+deb12u1 [1,112 kB]                                                                                                                              
Get:77 http://deb.debian.org/debian bookworm/main arm64 python3.11-venv arm64 3.11.2-6+deb12u6 [5,896 B]                                                                                                                                    
Get:78 http://deb.debian.org/debian bookworm/main arm64 libpython3.11 arm64 3.11.2-6+deb12u6 [1,841 kB]                                                                                                                                     
Get:79 http://deb.debian.org/debian bookworm/main arm64 python3.11 arm64 3.11.2-6+deb12u6 [573 kB]                                                                                                                                          
Get:80 http://deb.debian.org/debian bookworm/main arm64 libpython3.11-stdlib arm64 3.11.2-6+deb12u6 [1,746 kB]                                                                                                                              
Get:81 http://deb.debian.org/debian bookworm/main arm64 python3.11-minimal arm64 3.11.2-6+deb12u6 [1,859 kB]                                                                                                                                
Get:82 http://deb.debian.org/debian bookworm/main arm64 libpython3.11-minimal arm64 3.11.2-6+deb12u6 [810 kB]                                                                                                                               
Get:83 http://deb.debian.org/debian bookworm/main arm64 rsync arm64 3.2.7-1+deb12u2 [400 kB]                                                                                                                                                
Get:84 http://deb.debian.org/debian bookworm/main arm64 debian-archive-keyring all 2023.3+deb12u2 [179 kB]                                                                                                                                  
Get:85 http://deb.debian.org/debian bookworm/main arm64 libtasn1-6 arm64 4.19.0-2+deb12u1 [46.0 kB]                                                                                                                                         
Get:86 http://deb.debian.org/debian bookworm/main arm64 libgnutls30 arm64 3.7.9-2+deb12u4 [1,313 kB]                                                                                                                                        
Get:87 http://deb.debian.org/debian-security bookworm-security/main arm64 udev arm64 252.38-1~deb12u1 [1,641 kB]                                                                                                                            
Get:88 http://deb.debian.org/debian-security bookworm-security/main arm64 libudev1 arm64 252.38-1~deb12u1 [103 kB]                                                                                                                          
Get:89 http://deb.debian.org/debian bookworm/main arm64 tzdata all 2025b-0+deb12u1 [299 kB]                                                                                                                                                 
Get:90 http://deb.debian.org/debian bookworm/main arm64 fdisk arm64 2.38.1-5+deb12u3 [139 kB]                                                                                                                                               
Get:91 http://deb.debian.org/debian bookworm/main arm64 vim-tiny arm64 2:9.0.1378-2+deb12u2 [652 kB]                                                                                                                                        
Get:92 http://deb.debian.org/debian bookworm/main arm64 vim-common all 2:9.0.1378-2+deb12u2 [125 kB]                                                                                                                                        
Get:93 http://deb.debian.org/debian bookworm-updates/main arm64 ca-certificates all 20230311+deb12u1 [155 kB]                                                                                                                               
Get:94 http://deb.debian.org/debian bookworm/main arm64 wget arm64 1.21.3-1+deb12u1 [922 kB]                                                                                                                                                
Get:95 http://deb.debian.org/debian bookworm/main arm64 xz-utils arm64 5.4.1-1 [469 kB]                                                                                                                                                     
Get:96 http://deb.debian.org/debian bookworm/main arm64 avahi-daemon arm64 0.8-10+deb12u1 [80.1 kB]                                                                                                                                         
Get:97 http://deb.debian.org/debian bookworm/main arm64 libavahi-core7 arm64 0.8-10+deb12u1 [96.0 kB]                                                                                                                                       
Get:98 http://deb.debian.org/debian bookworm/main arm64 libavahi-common3 arm64 0.8-10+deb12u1 [41.2 kB]                                                                                                                                     
Get:99 http://deb.debian.org/debian bookworm/main arm64 libavahi-common-data arm64 0.8-10+deb12u1 [107 kB]                                                                                                                                  
Get:100 http://deb.debian.org/debian bookworm/main arm64 bsdextrautils arm64 2.38.1-5+deb12u3 [87.1 kB]                                                                                                                                     
Get:101 http://deb.debian.org/debian bookworm/main arm64 busybox arm64 1:1.35.0-4+b4 [420 kB]                                                                                                                                               
Get:102 http://deb.debian.org/debian bookworm/main arm64 curl arm64 7.88.1-10+deb12u12 [309 kB]                                                                                                                                             
Get:103 http://deb.debian.org/debian bookworm/main arm64 libcurl4 arm64 7.88.1-10+deb12u12 [367 kB]                                                                                                                                         
Get:104 http://deb.debian.org/debian bookworm/main arm64 distro-info-data all 0.58+deb12u4 [6,360 B]                                                                                                                                        
Get:105 http://deb.debian.org/debian bookworm/main arm64 dns-root-data all 2024071801~deb12u1 [5,752 B]                                                                                                                                     
Get:106 http://deb.debian.org/debian bookworm/main arm64 dnsmasq-base arm64 2.90-4~deb12u1 [472 kB]                                                                                                                                         
Get:107 http://deb.debian.org/debian bookworm/main arm64 eject arm64 2.38.1-5+deb12u3 [51.2 kB]                                                                                                                                             
Get:108 http://deb.debian.org/debian bookworm/main arm64 libabsl20220623 arm64 20220623.1-1+deb12u2 [363 kB]                                                                                                                                
Get:109 http://deb.debian.org/debian-security bookworm-security/main arm64 libavif15 arm64 0.11.1-1+deb12u1 [88.4 kB]                                                                                                                       
Get:110 http://deb.debian.org/debian bookworm/main arm64 libglib2.0-0 arm64 2.74.6-2+deb12u6 [1,313 kB]                                                                                                                                     
Get:111 http://deb.debian.org/debian-security bookworm-security/main arm64 libblockdev-utils2 arm64 2.28-2+deb12u1 [14.3 kB]                                                                                                                
Get:112 http://deb.debian.org/debian-security bookworm-security/main arm64 libblockdev-crypto2 arm64 2.28-2+deb12u1 [17.3 kB]                                                                                                               
Get:113 http://deb.debian.org/debian-security bookworm-security/main arm64 libblockdev-part-err2 arm64 2.28-2+deb12u1 [5,696 B]                                                                                                             
Get:114 http://deb.debian.org/debian-security bookworm-security/main arm64 libblockdev-fs2 arm64 2.28-2+deb12u1 [21.7 kB]                                                                                                                   
Get:115 http://deb.debian.org/debian-security bookworm-security/main arm64 libblockdev-loop2 arm64 2.28-2+deb12u1 [8,392 B]                                                                                                                 
Get:116 http://deb.debian.org/debian-security bookworm-security/main arm64 libblockdev-part2 arm64 2.28-2+deb12u1 [16.8 kB]                                                                                                                 
Get:117 http://deb.debian.org/debian-security bookworm-security/main arm64 libblockdev-swap2 arm64 2.28-2+deb12u1 [10.2 kB]                                                                                                                 
Get:118 http://deb.debian.org/debian-security bookworm-security/main arm64 libblockdev2 arm64 2.28-2+deb12u1 [38.8 kB]                                                                                                                      
Get:119 http://deb.debian.org/debian bookworm/main arm64 libcap2-bin arm64 1:2.66-4+deb12u1 [34.1 kB]                                                                                                                                       
Get:120 http://deb.debian.org/debian bookworm/main arm64 libcurl3-gnutls arm64 7.88.1-10+deb12u12 [362 kB]                                                                                                                                  
Get:121 http://deb.debian.org/debian bookworm/main arm64 libebml5 arm64 1.4.4-1+deb12u1 [44.5 kB]                                                                                                                                           
Get:122 http://deb.debian.org/debian bookworm/main arm64 libfreetype6 arm64 2.12.1+dfsg-5+deb12u4 [368 kB]                                                                                                                                  
Get:123 http://deb.debian.org/debian bookworm/main arm64 libglib2.0-data all 2.74.6-2+deb12u6 [1,210 kB]                                                                                                                                    
Get:124 http://deb.debian.org/debian-security bookworm-security/main arm64 libicu72 arm64 72.1-3+deb12u1 [9,202 kB]                                                                                                                         
Get:125 http://archive.raspberrypi.com/debian bookworm/main arm64 firmware-realtek all 1:20240709-2~bpo12+1+rpt3 [2,163 kB]                                                                                                                 
Get:126 http://archive.raspberrypi.com/debian bookworm/main arm64 libpisp1 arm64 1.2.1-1 [291 kB]                                                                                                                                           
Get:127 http://archive.raspberrypi.com/debian bookworm/main arm64 libpisp-common all 1.2.1-1 [4,934 B]                                                                                                                                      
Get:128 http://archive.raspberrypi.com/debian bookworm/main arm64 libcamera0.5 arm64 0.5.0+rpt20250429-1 [683 kB]                                                                                                                           
Get:129 http://archive.raspberrypi.com/debian bookworm/main arm64 libcamera-ipa arm64 0.5.0+rpt20250429-1 [861 kB]                                                                                                                          
Get:130 http://archive.raspberrypi.com/debian bookworm/main arm64 libcamera0.3 arm64 0.3.2+rpt20241119-1 [815 kB]                                                                                                                           
Get:131 http://archive.raspberrypi.com/debian bookworm/main arm64 libdtovl0 arm64 20250514-1~bookworm [28.0 kB]                                                                                                                             
Get:132 http://archive.raspberrypi.com/debian bookworm/main arm64 libgpiolib0 arm64 20250514-1~bookworm [37.0 kB]                                                                                                                           
Get:133 http://archive.raspberrypi.com/debian bookworm/main arm64 network-manager arm64 1.42.4-1+rpt1+deb12u1 [5,253 kB]                                                                                                                    
Get:134 http://archive.raspberrypi.com/debian bookworm/main arm64 libnm0 arm64 1.42.4-1+rpt1+deb12u1 [547 kB]                                                                                                                               
Get:135 http://archive.raspberrypi.com/debian bookworm/main arm64 libnuma1 arm64 2.0.18-1~rpt1 [26.2 kB]                                                                                                                                    
Get:136 http://archive.raspberrypi.com/debian bookworm/main arm64 linux-headers-6.12.25+rpt-common-rpi all 1:6.12.25-1+rpt1 [8,750 kB]                                                                                                      
Get:137 http://deb.debian.org/debian bookworm/main arm64 libqt5core5a arm64 5.15.8+dfsg-11+deb12u3 [1,658 kB]                                                                                                                               
Get:138 http://deb.debian.org/debian bookworm/main arm64 libtiff6 arm64 4.5.0-6+deb12u2 [301 kB]                                                                                                                                            
Get:139 http://deb.debian.org/debian-security bookworm-security/main arm64 libudisks2-0 arm64 2.9.4-4+deb12u1 [137 kB]                                                                                                                      
Get:140 http://deb.debian.org/debian-security bookworm-security/main arm64 libxml2 arm64 2.9.14+dfsg-1.3~deb12u2 [619 kB]                                                                                                                   
Get:141 http://archive.raspberrypi.com/debian bookworm/main arm64 linux-image-6.12.25+rpt-rpi-2712 arm64 1:6.12.25-1+rpt1 [31.7 MB]                                                                                                         
Get:142 http://deb.debian.org/debian-security bookworm-security/main arm64 net-tools arm64 2.10-0.1+deb12u2 [242 kB]                                                                                                                        
Get:143 http://deb.debian.org/debian bookworm/main arm64 python3-pkg-resources all 66.1.1-1+deb12u1 [296 kB]                                                                                                                                
Get:144 http://deb.debian.org/debian bookworm/main arm64 python3-urllib3 all 1.26.12-1+deb12u1 [114 kB]                                                                                                                                     
Get:145 http://deb.debian.org/debian bookworm/main arm64 rfkill arm64 2.38.1-5+deb12u3 [37.3 kB]                                                                                                                                            
Get:146 http://deb.debian.org/debian bookworm/main arm64 ssh all 1:9.2p1-2+deb12u6 [174 kB]                                                                                                                                                 
Get:147 http://deb.debian.org/debian-security bookworm-security/main arm64 udisks2 arm64 2.9.4-4+deb12u1 [385 kB]                                                                                                                           
Get:148 http://deb.debian.org/debian bookworm/main arm64 wireless-regdb all 2025.02.20-1~deb12u1 [11.7 kB]                                                                                                                                  
Get:149 http://archive.raspberrypi.com/debian bookworm/main arm64 linux-kbuild-6.12.25+rpt arm64 1:6.12.25-1+rpt1 [1,191 kB]                                                                                                                
Get:150 http://archive.raspberrypi.com/debian bookworm/main arm64 linux-headers-6.12.25+rpt-rpi-2712 arm64 1:6.12.25-1+rpt1 [1,342 kB]                                                                                                      
Get:151 http://archive.raspberrypi.com/debian bookworm/main arm64 linux-image-6.12.25+rpt-rpi-v8 arm64 1:6.12.25-1+rpt1 [31.7 MB]                                                                                                           
Get:152 http://archive.raspberrypi.com/debian bookworm/main arm64 linux-headers-6.12.25+rpt-rpi-v8 arm64 1:6.12.25-1+rpt1 [1,342 kB]                                                                                                        
Get:153 http://archive.raspberrypi.com/debian bookworm/main arm64 linux-headers-rpi-2712 arm64 1:6.12.25-1+rpt1 [1,156 B]                                                                                                                   
Get:154 http://archive.raspberrypi.com/debian bookworm/main arm64 linux-headers-rpi-v8 arm64 1:6.12.25-1+rpt1 [1,156 B]                                                                                                                     
Get:155 http://archive.raspberrypi.com/debian bookworm/main arm64 linux-image-rpi-2712 arm64 1:6.12.25-1+rpt1 [1,432 B]                                                                                                                     
Get:156 http://archive.raspberrypi.com/debian bookworm/main arm64 linux-image-rpi-v8 arm64 1:6.12.25-1+rpt1 [1,432 B]                                                                                                                       
Get:157 http://archive.raspberrypi.com/debian bookworm/main arm64 raspi-utils-core arm64 20250514-1~bookworm [39.3 kB]                                                                                                                      
Get:158 http://archive.raspberrypi.com/debian bookworm/main arm64 rpi-eeprom all 28.2-1 [3,282 kB]                                                                                                                                          
Get:159 http://archive.raspberrypi.com/debian bookworm/main arm64 raspinfo all 20250514-1~bookworm [8,106 B]                                                                                                                                
Get:160 http://archive.raspberrypi.com/debian bookworm/main arm64 raspi-utils-otp all 20250514-1~bookworm [8,422 B]                                                                                                                         
Get:161 http://archive.raspberrypi.com/debian bookworm/main arm64 raspi-utils-eeprom arm64 20250514-1~bookworm [25.4 kB]                                                                                                                    
Get:162 http://archive.raspberrypi.com/debian bookworm/main arm64 raspi-utils-dt arm64 20250514-1~bookworm [50.9 kB]                                                                                                                        
Get:163 http://archive.raspberrypi.com/debian bookworm/main arm64 raspi-utils all 20250514-1~bookworm [6,008 B]                                                                                                                             
Get:164 http://archive.raspberrypi.com/debian bookworm/main arm64 raspi-config all 20250618 [37.6 kB]                                                                                                                                       
Get:165 http://archive.raspberrypi.com/debian bookworm/main arm64 raspberrypi-net-mods all 1.4.3 [2,272 B]                                                                                                                                  
Get:166 http://archive.raspberrypi.com/debian bookworm/main arm64 raspberrypi-sys-mods arm64 20250605~bookworm [22.0 kB]                                                                                                                    
Get:167 http://archive.raspberrypi.com/debian bookworm/main arm64 rpicam-apps-lite arm64 1.7.0-1 [522 kB]                                                                                                                                   
Get:168 http://archive.raspberrypi.com/debian bookworm/main arm64 userconf-pi all 0.11 [7,310 B]                                                                                                                                            
Fetched 384 MB in 13s (29.7 MB/s)                                                                                                                                                                                                           
apt-listchanges: Reading changelogs...
Extracting templates from packages: 100%
Preconfiguring packages ...

(Reading database ... 56322 files and directories currently installed.)
Preparing to unpack .../base-files_12.4+deb12u11_arm64.deb ...
Progress: [  0%] [.......................................................................................................................................................................................................................] 8Unpacking base-files (12.4+deb12u11) over (12.4+deb12u8) ...
Setting up base-files (12.4+deb12u11) ...
Installing new version of config file /etc/debian_version ...
(Reading database ... 56322 files and directories currently installed.)
Preparing to unpack .../bash_5.2.15-2+b8_arm64.deb ...
Unpacking bash (5.2.15-2+b8) over (5.2.15-2+b7) ...
Setting up bash (5.2.15-2+b8) ...
Progress: [  1%] [##.....................................................................................................................................................................................................................] 8update-alternatives: using /usr/share/man/man7/bash-builtins.7.gz to provide /usr/share/man/man7/builtins.7.gz (builtins.7.gz) in auto mode
(Reading database ... 56322 files and directories currently installed.)
Preparing to unpack .../bsdutils_1%3a2.38.1-5+deb12u3_arm64.deb ...
Unpacking bsdutils (1:2.38.1-5+deb12u3) over (1:2.38.1-5+deb12u2) ...
Setting up bsdutils (1:2.38.1-5+deb12u3) ...
(Reading database ... 56322 files and directories currently installed.)
Preparing to unpack .../login_1%3a4.13+dfsg1-1+deb12u1_arm64.deb ...
Unpacking login (1:4.13+dfsg1-1+deb12u1) over (1:4.13+dfsg1-1+b1) ...
Progress: [  2%] [####...................................................................................................................................................................................................................] 8Setting up login (1:4.13+dfsg1-1+deb12u1) ...
(Reading database ... 56321 files and directories currently installed.)
Preparing to unpack .../libperl5.36_5.36.0-7+deb12u2_arm64.deb ...
Unpacking libperl5.36:arm64 (5.36.0-7+deb12u2) over (5.36.0-7+deb12u1) ...
Preparing to unpack .../perl_5.36.0-7+deb12u2_arm64.deb ...
Unpacking perl (5.36.0-7+deb12u2) over (5.36.0-7+deb12u1) ...
Preparing to unpack .../perl-base_5.36.0-7+deb12u2_arm64.deb ...
Progress: [  3%] [######.................................................................................................................................................................................................................] 8Unpacking perl-base (5.36.0-7+deb12u2) over (5.36.0-7+deb12u1) ...
Setting up perl-base (5.36.0-7+deb12u2) ...
(Reading database ... 56321 files and directories currently installed.)
Preparing to unpack .../0-perl-modules-5.36_5.36.0-7+deb12u2_all.deb ...
Unpacking perl-modules-5.36 (5.36.0-7+deb12u2) over (5.36.0-7+deb12u1) ...
Preparing to unpack .../1-libc6-dbg_2.36-9+rpt2+deb12u12_arm64.deb ...
Progress: [  4%] [########...............................................................................................................................................................................................................] 8Unpacking libc6-dbg:arm64 (2.36-9+rpt2+deb12u12) over (2.36-9+rpt2+deb12u9) ...
Preparing to unpack .../2-libc-devtools_2.36-9+rpt2+deb12u12_arm64.deb ...
Unpacking libc-devtools (2.36-9+rpt2+deb12u12) over (2.36-9+rpt2+deb12u9) ...
Preparing to unpack .../3-libc6-dev_2.36-9+rpt2+deb12u12_arm64.deb ...
Unpacking libc6-dev:arm64 (2.36-9+rpt2+deb12u12) over (2.36-9+rpt2+deb12u9) ...
Preparing to unpack .../4-libc-dev-bin_2.36-9+rpt2+deb12u12_arm64.deb ...
Unpacking libc-dev-bin (2.36-9+rpt2+deb12u12) over (2.36-9+rpt2+deb12u9) ...
Progress: [  5%] [##########.............................................................................................................................................................................................................] 8Preparing to unpack .../5-linux-libc-dev_1%3a6.12.25-1+rpt1_all.deb ...
Unpacking linux-libc-dev (1:6.12.25-1+rpt1) over (1:6.6.51-1+rpt3) ...
Preparing to unpack .../6-libcc1-0_12.2.0-14+deb12u1_arm64.deb ...
Unpacking libcc1-0:arm64 (12.2.0-14+deb12u1) over (12.2.0-14) ...
Preparing to unpack .../7-gcc-12-base_12.2.0-14+deb12u1_arm64.deb ...
Unpacking gcc-12-base:arm64 (12.2.0-14+deb12u1) over (12.2.0-14) ...
Setting up gcc-12-base:arm64 (12.2.0-14+deb12u1) ...
(Reading database ... 56343 files and directories currently installed.)..................................................................................................................................................................] 8(Reading database ... 
Preparing to unpack .../libgcc-s1_12.2.0-14+deb12u1_arm64.deb ...
Unpacking libgcc-s1:arm64 (12.2.0-14+deb12u1) over (12.2.0-14) ...
Setting up libgcc-s1:arm64 (12.2.0-14+deb12u1) ...
(Reading database ... 56343 files and directories currently installed.)
Preparing to unpack .../00-libgomp1_12.2.0-14+deb12u1_arm64.deb ...
Unpacking libgomp1:arm64 (12.2.0-14+deb12u1) over (12.2.0-14) ...
Progress: [  7%] [###############........................................................................................................................................................................................................] 8Preparing to unpack .../01-libitm1_12.2.0-14+deb12u1_arm64.deb ...
Unpacking libitm1:arm64 (12.2.0-14+deb12u1) over (12.2.0-14) ...
Preparing to unpack .../02-libatomic1_12.2.0-14+deb12u1_arm64.deb ...
Unpacking libatomic1:arm64 (12.2.0-14+deb12u1) over (12.2.0-14) ...
Preparing to unpack .../03-libasan8_12.2.0-14+deb12u1_arm64.deb ...
Unpacking libasan8:arm64 (12.2.0-14+deb12u1) over (12.2.0-14) ...
Progress: [  8%] [#################......................................................................................................................................................................................................] 8Preparing to unpack .../04-liblsan0_12.2.0-14+deb12u1_arm64.deb ...
Unpacking liblsan0:arm64 (12.2.0-14+deb12u1) over (12.2.0-14) ...
Preparing to unpack .../05-libtsan2_12.2.0-14+deb12u1_arm64.deb ...
Unpacking libtsan2:arm64 (12.2.0-14+deb12u1) over (12.2.0-14) ...
Preparing to unpack .../06-libubsan1_12.2.0-14+deb12u1_arm64.deb ...
Unpacking libubsan1:arm64 (12.2.0-14+deb12u1) over (12.2.0-14) ...
Preparing to unpack .../07-libhwasan0_12.2.0-14+deb12u1_arm64.deb ...
Progress: [  9%] [###################....................................................................................................................................................................................................] 8Unpacking libhwasan0:arm64 (12.2.0-14+deb12u1) over (12.2.0-14) ...
Preparing to unpack .../08-g++-12_12.2.0-14+deb12u1_arm64.deb ...
Unpacking g++-12 (12.2.0-14+deb12u1) over (12.2.0-14) ...
Preparing to unpack .../09-libstdc++-12-dev_12.2.0-14+deb12u1_arm64.deb ...
Unpacking libstdc++-12-dev:arm64 (12.2.0-14+deb12u1) over (12.2.0-14) ...
Preparing to unpack .../10-libgcc-12-dev_12.2.0-14+deb12u1_arm64.deb ...
Unpacking libgcc-12-dev:arm64 (12.2.0-14+deb12u1) over (12.2.0-14) ...
Progress: [ 10%] [#####################..................................................................................................................................................................................................] 8Preparing to unpack .../11-gcc-12_12.2.0-14+deb12u1_arm64.deb ...
Unpacking gcc-12 (12.2.0-14+deb12u1) over (12.2.0-14) ...
Preparing to unpack .../12-cpp-12_12.2.0-14+deb12u1_arm64.deb ...
Unpacking cpp-12 (12.2.0-14+deb12u1) over (12.2.0-14) ...
Preparing to unpack .../13-libstdc++6_12.2.0-14+deb12u1_arm64.deb ...
Unpacking libstdc++6:arm64 (12.2.0-14+deb12u1) over (12.2.0-14) ...
Setting up libstdc++6:arm64 (12.2.0-14+deb12u1) ...
(Reading database ... 56343 files and directories currently installed.)..................................................................................................................................................................] 8(Reading database ... 
Preparing to unpack .../libc6_2.36-9+rpt2+deb12u12_arm64.deb ...
Unpacking libc6:arm64 (2.36-9+rpt2+deb12u12) over (2.36-9+rpt2+deb12u9) ...
Setting up libc6:arm64 (2.36-9+rpt2+deb12u12) ...
(Reading database ... 56343 files and directories currently installed.)
Preparing to unpack .../libsmartcols1_2.38.1-5+deb12u3_arm64.deb ...
Progress: [ 12%] [#########################..............................................................................................................................................................................................] 8Unpacking libsmartcols1:arm64 (2.38.1-5+deb12u3) over (2.38.1-5+deb12u2) ...
Setting up libsmartcols1:arm64 (2.38.1-5+deb12u3) ...
(Reading database ... 56343 files and directories currently installed.)
Preparing to unpack .../util-linux-extra_2.38.1-5+deb12u3_arm64.deb ...
Unpacking util-linux-extra (2.38.1-5+deb12u3) over (2.38.1-5+deb12u2) ...
Setting up util-linux-extra (2.38.1-5+deb12u3) ...
(Reading database ... 56343 files and directories currently installed.)..................................................................................................................................................................] 8(Reading database ... 
Preparing to unpack .../util-linux_2.38.1-5+deb12u3_arm64.deb ...
Unpacking util-linux (2.38.1-5+deb12u3) over (2.38.1-5+deb12u2) ...
Setting up util-linux (2.38.1-5+deb12u3) ...
fstrim.service is a disabled or a static unit not running, not starting it.
(Reading database ... 56343 files and directories currently installed.)
Preparing to unpack .../libc-bin_2.36-9+rpt2+deb12u12_arm64.deb ...
Unpacking libc-bin (2.36-9+rpt2+deb12u12) over (2.36-9+rpt2+deb12u9) ...
Setting up libc-bin (2.36-9+rpt2+deb12u12) ...
(Reading database ... 56343 files and directories currently installed.)..................................................................................................................................................................] 8(Reading database ... 
Preparing to unpack .../mount_2.38.1-5+deb12u3_arm64.deb ...
Unpacking mount (2.38.1-5+deb12u3) over (2.38.1-5+deb12u2) ...
Preparing to unpack .../libcap2_1%3a2.66-4+deb12u1_arm64.deb ...
Unpacking libcap2:arm64 (1:2.66-4+deb12u1) over (1:2.66-4) ...
Setting up libcap2:arm64 (1:2.66-4+deb12u1) ...
(Reading database ... 56343 files and directories currently installed.)..................................................................................................................................................................] 8(Reading database ... 
Preparing to unpack .../systemd-sysv_252.38-1~deb12u1_arm64.deb ...
Unpacking systemd-sysv (252.38-1~deb12u1) over (252.31-1~deb12u1) ...
Preparing to unpack .../libpam-systemd_252.38-1~deb12u1_arm64.deb ...
Unpacking libpam-systemd:arm64 (252.38-1~deb12u1) over (252.31-1~deb12u1) ...
Preparing to unpack .../libblkid1_2.38.1-5+deb12u3_arm64.deb ...
Unpacking libblkid1:arm64 (2.38.1-5+deb12u3) over (2.38.1-5+deb12u2) ...
Progress: [ 16%] [##################################.....................................................................................................................................................................................] 8Setting up libblkid1:arm64 (2.38.1-5+deb12u3) ...
(Reading database ... 56343 files and directories currently installed.)
Preparing to unpack .../liblzma5_5.4.1-1_arm64.deb ...
Unpacking liblzma5:arm64 (5.4.1-1) over (5.4.1-0.2) ...
Setting up liblzma5:arm64 (5.4.1-1) ...
(Reading database ... 56343 files and directories currently installed.)
Preparing to unpack .../libmount1_2.38.1-5+deb12u3_arm64.deb ...
Progress: [ 17%] [####################################...................................................................................................................................................................................] 8Unpacking libmount1:arm64 (2.38.1-5+deb12u3) over (2.38.1-5+deb12u2) ...
Setting up libmount1:arm64 (2.38.1-5+deb12u3) ...
(Reading database ... 56343 files and directories currently installed.)
Preparing to unpack .../libssl3_3.0.16-1~deb12u1+rpt1_arm64.deb ...
Unpacking libssl3:arm64 (3.0.16-1~deb12u1+rpt1) over (3.0.15-1~deb12u1+rpt1) ...
Preparing to unpack .../systemd-timesyncd_252.38-1~deb12u1_arm64.deb ...
Unpacking systemd-timesyncd (252.38-1~deb12u1) over (252.31-1~deb12u1) ...
Progress: [ 18%] [######################################.................................................................................................................................................................................] 8Setting up libssl3:arm64 (3.0.16-1~deb12u1+rpt1) ...
(Reading database ... 56343 files and directories currently installed.)
Preparing to unpack .../systemd_252.38-1~deb12u1_arm64.deb ...
Unpacking systemd (252.38-1~deb12u1) over (252.31-1~deb12u1) ...
Preparing to unpack .../libsystemd-shared_252.38-1~deb12u1_arm64.deb ...
Unpacking libsystemd-shared:arm64 (252.38-1~deb12u1) over (252.31-1~deb12u1) ...
Preparing to unpack .../libuuid1_2.38.1-5+deb12u3_arm64.deb ...
Progress: [ 19%] [#########################################..............................................................................................................................................................................] 8Unpacking libuuid1:arm64 (2.38.1-5+deb12u3) over (2.38.1-5+deb12u2) ...
Setting up libuuid1:arm64 (2.38.1-5+deb12u3) ...
(Reading database ... 56344 files and directories currently installed.)
Preparing to unpack .../libfdisk1_2.38.1-5+deb12u3_arm64.deb ...
Unpacking libfdisk1:arm64 (2.38.1-5+deb12u3) over (2.38.1-5+deb12u2) ...
Preparing to unpack .../libsystemd0_252.38-1~deb12u1_arm64.deb ...
Progress: [ 20%] [###########################################............................................................................................................................................................................] 8Unpacking libsystemd0:arm64 (252.38-1~deb12u1) over (252.31-1~deb12u1) ...
Setting up libsystemd0:arm64 (252.38-1~deb12u1) ...
(Reading database ... 56344 files and directories currently installed.)
Preparing to unpack .../0-libgssapi-krb5-2_1.20.1-2+deb12u3_arm64.deb ...
Unpacking libgssapi-krb5-2:arm64 (1.20.1-2+deb12u3) over (1.20.1-2+deb12u2) ...
Preparing to unpack .../1-libkrb5-3_1.20.1-2+deb12u3_arm64.deb ...
Unpacking libkrb5-3:arm64 (1.20.1-2+deb12u3) over (1.20.1-2+deb12u2) ...
Progress: [ 21%] [#############################################..........................................................................................................................................................................] 8Preparing to unpack .../2-libkrb5support0_1.20.1-2+deb12u3_arm64.deb ...
Unpacking libkrb5support0:arm64 (1.20.1-2+deb12u3) over (1.20.1-2+deb12u2) ...
Preparing to unpack .../3-libk5crypto3_1.20.1-2+deb12u3_arm64.deb ...
Unpacking libk5crypto3:arm64 (1.20.1-2+deb12u3) over (1.20.1-2+deb12u2) ...
Preparing to unpack .../4-nfs-common_1%3a2.6.2-4+deb12u1_arm64.deb ...
Unpacking nfs-common (1:2.6.2-4+deb12u1) over (1:2.6.2-4) ...
Preparing to unpack .../5-libnfsidmap1_1%3a2.6.2-4+deb12u1_arm64.deb ...
Progress: [ 22%] [###############################################........................................................................................................................................................................] 8Unpacking libnfsidmap1:arm64 (1:2.6.2-4+deb12u1) over (1:2.6.2-4) ...
Preparing to unpack .../6-ucf_3.0043+nmu1+deb12u1_all.deb ...
Unpacking ucf (3.0043+nmu1+deb12u1) over (3.0043+nmu1) ...
Preparing to unpack .../7-passwd_1%3a4.13+dfsg1-1+deb12u1_arm64.deb ...
Unpacking passwd (1:4.13+dfsg1-1+deb12u1) over (1:4.13+dfsg1-1+b1) ...
Setting up passwd (1:4.13+dfsg1-1+deb12u1) ...
(Reading database ... 56343 files and directories currently installed.)..................................................................................................................................................................] 8(Reading database ... 
Preparing to unpack .../00-openssh-sftp-server_1%3a9.2p1-2+deb12u6_arm64.deb ...
Unpacking openssh-sftp-server (1:9.2p1-2+deb12u6) over (1:9.2p1-2+deb12u3) ...
Preparing to unpack .../01-openssh-server_1%3a9.2p1-2+deb12u6_arm64.deb ...
Unpacking openssh-server (1:9.2p1-2+deb12u6) over (1:9.2p1-2+deb12u3) ...
Preparing to unpack .../02-openssh-client_1%3a9.2p1-2+deb12u6_arm64.deb ...
Unpacking openssh-client (1:9.2p1-2+deb12u6) over (1:9.2p1-2+deb12u3) ...
Progress: [ 24%] [###################################################....................................................................................................................................................................] 8Preparing to unpack .../03-python3-setuptools-whl_66.1.1-1+deb12u1_all.deb ...
Unpacking python3-setuptools-whl (66.1.1-1+deb12u1) over (66.1.1-1) ...
Preparing to unpack .../04-python3.11-venv_3.11.2-6+deb12u6_arm64.deb ...
Unpacking python3.11-venv (3.11.2-6+deb12u6) over (3.11.2-6+deb12u4) ...
Preparing to unpack .../05-libpython3.11_3.11.2-6+deb12u6_arm64.deb ...
Unpacking libpython3.11:arm64 (3.11.2-6+deb12u6) over (3.11.2-6+deb12u4) ...
Preparing to unpack .../06-python3.11_3.11.2-6+deb12u6_arm64.deb ...
Progress: [ 25%] [#####################################################..................................................................................................................................................................] 8Unpacking python3.11 (3.11.2-6+deb12u6) over (3.11.2-6+deb12u4) ...
Preparing to unpack .../07-libpython3.11-stdlib_3.11.2-6+deb12u6_arm64.deb ...
Unpacking libpython3.11-stdlib:arm64 (3.11.2-6+deb12u6) over (3.11.2-6+deb12u4) ...
Preparing to unpack .../08-python3.11-minimal_3.11.2-6+deb12u6_arm64.deb ...
Unpacking python3.11-minimal (3.11.2-6+deb12u6) over (3.11.2-6+deb12u4) ...
Preparing to unpack .../09-libpython3.11-minimal_3.11.2-6+deb12u6_arm64.deb ...
Unpacking libpython3.11-minimal:arm64 (3.11.2-6+deb12u6) over (3.11.2-6+deb12u4) ...
Progress: [ 26%] [########################################################...............................................................................................................................................................] 8Preparing to unpack .../10-rsync_3.2.7-1+deb12u2_arm64.deb ...
Unpacking rsync (3.2.7-1+deb12u2) over (3.2.7-1) ...
Preparing to unpack .../11-raspi-firmware_1%3a1.20250430-4~bookworm_all.deb ...
Unpacking raspi-firmware (1:1.20250430-4~bookworm) over (1:1.20240924-2) ...
Preparing to unpack .../12-debian-archive-keyring_2023.3+deb12u2_all.deb ...
Unpacking debian-archive-keyring (2023.3+deb12u2) over (2023.3+deb12u1) ...
Setting up debian-archive-keyring (2023.3+deb12u2) ...
Progress: [ 27%] [##########################################################.............................................................................................................................................................] 8Removing obsolete conffile /etc/apt/trusted.gpg.d/debian-archive-buster-stable.asc ...
Removing obsolete conffile /etc/apt/trusted.gpg.d/debian-archive-buster-security-automatic.asc ...
Removing obsolete conffile /etc/apt/trusted.gpg.d/debian-archive-buster-automatic.asc ...
(Reading database ... 56343 files and directories currently installed.)
Preparing to unpack .../libtasn1-6_4.19.0-2+deb12u1_arm64.deb ...
Unpacking libtasn1-6:arm64 (4.19.0-2+deb12u1) over (4.19.0-2) ...
Setting up libtasn1-6:arm64 (4.19.0-2+deb12u1) ...
(Reading database ... 56343 files and directories currently installed.)
Preparing to unpack .../libgnutls30_3.7.9-2+deb12u4_arm64.deb ...
Progress: [ 28%] [############################################################...........................................................................................................................................................] 8Unpacking libgnutls30:arm64 (3.7.9-2+deb12u4) over (3.7.9-2+deb12u3) ...
Setting up libgnutls30:arm64 (3.7.9-2+deb12u4) ...
(Reading database ... 56343 files and directories currently installed.)
Preparing to unpack .../udev_252.38-1~deb12u1_arm64.deb ...
Unpacking udev (252.38-1~deb12u1) over (252.31-1~deb12u1) ...
Preparing to unpack .../libudev1_252.38-1~deb12u1_arm64.deb ...
Unpacking libudev1:arm64 (252.38-1~deb12u1) over (252.31-1~deb12u1) ...
Progress: [ 29%] [##############################################################.........................................................................................................................................................] 8Setting up libudev1:arm64 (252.38-1~deb12u1) ...
(Reading database ... 56343 files and directories currently installed.)
Preparing to unpack .../00-tzdata_2025b-0+deb12u1_all.deb ...
Unpacking tzdata (2025b-0+deb12u1) over (2024a-0+deb12u1) ...
Preparing to unpack .../01-fdisk_2.38.1-5+deb12u3_arm64.deb ...
Unpacking fdisk (2.38.1-5+deb12u3) over (2.38.1-5+deb12u2) ...
Preparing to unpack .../02-vim-tiny_2%3a9.0.1378-2+deb12u2_arm64.deb ...
Progress: [ 30%] [################################################################.......................................................................................................................................................] 8Unpacking vim-tiny (2:9.0.1378-2+deb12u2) over (2:9.0.1378-2) ...
Preparing to unpack .../03-vim-common_2%3a9.0.1378-2+deb12u2_all.deb ...
Unpacking vim-common (2:9.0.1378-2+deb12u2) over (2:9.0.1378-2) ...
Preparing to unpack .../04-openssl_3.0.16-1~deb12u1+rpt1_arm64.deb ...
Unpacking openssl (3.0.16-1~deb12u1+rpt1) over (3.0.15-1~deb12u1+rpt1) ...
Preparing to unpack .../05-ca-certificates_20230311+deb12u1_all.deb ...
Unpacking ca-certificates (20230311+deb12u1) over (20230311) ...
Progress: [ 31%] [##################################################################.....................................................................................................................................................] 8Preparing to unpack .../06-libc-l10n_2.36-9+rpt2+deb12u12_all.deb ...
Unpacking libc-l10n (2.36-9+rpt2+deb12u12) over (2.36-9+rpt2+deb12u9) ...
Preparing to unpack .../07-locales_2.36-9+rpt2+deb12u12_all.deb ...
Unpacking locales (2.36-9+rpt2+deb12u12) over (2.36-9+rpt2+deb12u9) ...
Preparing to unpack .../08-wget_1.21.3-1+deb12u1_arm64.deb ...
Unpacking wget (1.21.3-1+deb12u1) over (1.21.3-1+b1) ...
Progress: [ 32%] [####################################################################...................................................................................................................................................] 8Preparing to unpack .../09-xz-utils_5.4.1-1_arm64.deb ...
Unpacking xz-utils (5.4.1-1) over (5.4.1-0.2) ...
Preparing to unpack .../10-avahi-daemon_0.8-10+deb12u1_arm64.deb ...
Unpacking avahi-daemon (0.8-10+deb12u1) over (0.8-10) ...
Preparing to unpack .../11-libavahi-core7_0.8-10+deb12u1_arm64.deb ...
Unpacking libavahi-core7:arm64 (0.8-10+deb12u1) over (0.8-10) ...
Preparing to unpack .../12-libavahi-common3_0.8-10+deb12u1_arm64.deb ...
Progress: [ 33%] [#######################################################################................................................................................................................................................] 8Unpacking libavahi-common3:arm64 (0.8-10+deb12u1) over (0.8-10) ...
Preparing to unpack .../13-libavahi-common-data_0.8-10+deb12u1_arm64.deb ...
Unpacking libavahi-common-data:arm64 (0.8-10+deb12u1) over (0.8-10) ...
Preparing to unpack .../14-bsdextrautils_2.38.1-5+deb12u3_arm64.deb ...
Unpacking bsdextrautils (2.38.1-5+deb12u3) over (2.38.1-5+deb12u2) ...
Preparing to unpack .../15-initramfs-tools-core_0.142+rpt3+deb12u3_all.deb ...
Unpacking initramfs-tools-core (0.142+rpt3+deb12u3) over (0.142+rpt1+deb12u1) ...
Progress: [ 34%] [#########################################################################..............................................................................................................................................] 8Preparing to unpack .../16-initramfs-tools_0.142+rpt3+deb12u3_all.deb ...
Unpacking initramfs-tools (0.142+rpt3+deb12u3) over (0.142+rpt1+deb12u1) ...
Preparing to unpack .../17-busybox_1%3a1.35.0-4+b4_arm64.deb ...
Unpacking busybox (1:1.35.0-4+b4) over (1:1.35.0-4+b3) ...
Preparing to unpack .../18-curl_7.88.1-10+deb12u12_arm64.deb ...
Unpacking curl (7.88.1-10+deb12u12) over (7.88.1-10+deb12u8) ...
Preparing to unpack .../19-libcurl4_7.88.1-10+deb12u12_arm64.deb ...
Progress: [ 35%] [###########################################################################............................................................................................................................................] 8Unpacking libcurl4:arm64 (7.88.1-10+deb12u12) over (7.88.1-10+deb12u8) ...
Preparing to unpack .../20-distro-info-data_0.58+deb12u4_all.deb ...
Unpacking distro-info-data (0.58+deb12u4) over (0.58+deb12u3) ...
Preparing to unpack .../21-dns-root-data_2024071801~deb12u1_all.deb ...
Unpacking dns-root-data (2024071801~deb12u1) over (2024041801~deb12u1) ...
Preparing to unpack .../22-dnsmasq-base_2.90-4~deb12u1_arm64.deb ...
Progress: [ 36%] [#############################################################################..........................................................................................................................................] 8Unpacking dnsmasq-base (2.90-4~deb12u1) over (2.89-1) ...
Preparing to unpack .../23-eject_2.38.1-5+deb12u3_arm64.deb ...
Unpacking eject (2.38.1-5+deb12u3) over (2.38.1-5+deb12u2) ...
Preparing to unpack .../24-firmware-atheros_1%3a20240709-2~bpo12+1+rpt3_all.deb ...
Unpacking firmware-atheros (1:20240709-2~bpo12+1+rpt3) over (1:20230625-2+rpt3) ...
Preparing to unpack .../25-firmware-brcm80211_1%3a20240709-2~bpo12+1+rpt3_all.deb ...
Unpacking firmware-brcm80211 (1:20240709-2~bpo12+1+rpt3) over (1:20230625-2+rpt3) ...
Progress: [ 37%] [###############################################################################........................................................................................................................................] 8Preparing to unpack .../26-firmware-misc-nonfree_1%3a20240709-2~bpo12+1+rpt3_all.deb ...
Unpacking firmware-misc-nonfree (1:20240709-2~bpo12+1+rpt3) over (1:20230625-2+rpt3) ...
Selecting previously unselected package firmware-intel-graphics.
Preparing to unpack .../27-firmware-intel-graphics_1%3a20240709-2~bpo12+1+rpt3_all.deb ...
Unpacking firmware-intel-graphics (1:20240709-2~bpo12+1+rpt3) ...
Selecting previously unselected package firmware-intel-misc.
Preparing to unpack .../28-firmware-intel-misc_1%3a20240709-2~bpo12+1+rpt3_all.deb ...
Unpacking firmware-intel-misc (1:20240709-2~bpo12+1+rpt3) ...
Preparing to unpack .../29-firmware-libertas_1%3a20240709-2~bpo12+1+rpt3_all.deb ...
Progress: [ 38%] [#################################################################################......................................................................................................................................] 8Unpacking firmware-libertas (1:20240709-2~bpo12+1+rpt3) over (1:20230625-2+rpt3) ...
Selecting previously unselected package firmware-marvell-prestera.
Preparing to unpack .../30-firmware-marvell-prestera_1%3a20240709-2~bpo12+1+rpt3_all.deb ...
Unpacking firmware-marvell-prestera (1:20240709-2~bpo12+1+rpt3) ...
Selecting previously unselected package firmware-mediatek.
Preparing to unpack .../31-firmware-mediatek_1%3a20240709-2~bpo12+1+rpt3_all.deb ...
Unpacking firmware-mediatek (1:20240709-2~bpo12+1+rpt3) ...
Selecting previously unselected package firmware-nvidia-graphics.
Preparing to unpack .../32-firmware-nvidia-graphics_1%3a20240709-2~bpo12+1+rpt3_all.deb ...
Unpacking firmware-nvidia-graphics (1:20240709-2~bpo12+1+rpt3) ...
Progress: [ 39%] [####################################################################################...................................................................................................................................] 8Preparing to unpack .../33-firmware-realtek_1%3a20240709-2~bpo12+1+rpt3_all.deb ...
Unpacking firmware-realtek (1:20240709-2~bpo12+1+rpt3) over (1:20230625-2+rpt3) ...
Preparing to unpack .../34-libabsl20220623_20220623.1-1+deb12u2_arm64.deb ...
Unpacking libabsl20220623:arm64 (20220623.1-1+deb12u2) over (20220623.1-1) ...
Preparing to unpack .../35-libavif15_0.11.1-1+deb12u1_arm64.deb ...
Unpacking libavif15:arm64 (0.11.1-1+deb12u1) over (0.11.1-1) ...
Progress: [ 40%] [######################################################################################.................................................................................................................................] 8Preparing to unpack .../36-libglib2.0-0_2.74.6-2+deb12u6_arm64.deb ...
Unpacking libglib2.0-0:arm64 (2.74.6-2+deb12u6) over (2.74.6-2+deb12u4) ...
Preparing to unpack .../37-libblockdev-utils2_2.28-2+deb12u1_arm64.deb ...
Unpacking libblockdev-utils2:arm64 (2.28-2+deb12u1) over (2.28-2) ...
Preparing to unpack .../38-libblockdev-crypto2_2.28-2+deb12u1_arm64.deb ...
Unpacking libblockdev-crypto2:arm64 (2.28-2+deb12u1) over (2.28-2) ...
Preparing to unpack .../39-libblockdev-part-err2_2.28-2+deb12u1_arm64.deb ...
Progress: [ 41%] [########################################################################################...............................................................................................................................] 8Unpacking libblockdev-part-err2:arm64 (2.28-2+deb12u1) over (2.28-2) ...
Preparing to unpack .../40-libblockdev-fs2_2.28-2+deb12u1_arm64.deb ...
Unpacking libblockdev-fs2:arm64 (2.28-2+deb12u1) over (2.28-2) ...
Preparing to unpack .../41-libblockdev-loop2_2.28-2+deb12u1_arm64.deb ...
Unpacking libblockdev-loop2:arm64 (2.28-2+deb12u1) over (2.28-2) ...
Preparing to unpack .../42-libblockdev-part2_2.28-2+deb12u1_arm64.deb ...
Unpacking libblockdev-part2:arm64 (2.28-2+deb12u1) over (2.28-2) ...
Progress: [ 42%] [##########################################################################################.............................................................................................................................] 8Preparing to unpack .../43-libblockdev-swap2_2.28-2+deb12u1_arm64.deb ...
Unpacking libblockdev-swap2:arm64 (2.28-2+deb12u1) over (2.28-2) ...
Preparing to unpack .../44-libblockdev2_2.28-2+deb12u1_arm64.deb ...
Unpacking libblockdev2:arm64 (2.28-2+deb12u1) over (2.28-2) ...
Preparing to unpack .../45-libpisp1_1.2.1-1_arm64.deb ...
Unpacking libpisp1:arm64 (1.2.1-1) over (1.0.7-1) ...
Preparing to unpack .../46-libpisp-common_1.2.1-1_all.deb ...
Progress: [ 43%] [############################################################################################...........................................................................................................................] 8Unpacking libpisp-common (1.2.1-1) over (1.0.7-1) ...
Selecting previously unselected package libcamera0.5:arm64.
Preparing to unpack .../47-libcamera0.5_0.5.0+rpt20250429-1_arm64.deb ...
Unpacking libcamera0.5:arm64 (0.5.0+rpt20250429-1) ...
Preparing to unpack .../48-libcamera-ipa_0.5.0+rpt20250429-1_arm64.deb ...
Unpacking libcamera-ipa:arm64 (0.5.0+rpt20250429-1) over (0.3.2+rpt20240927-1) ...
Preparing to unpack .../49-libcamera0.3_0.3.2+rpt20241119-1_arm64.deb ...
Progress: [ 44%] [##############################################################################################.........................................................................................................................] 8Unpacking libcamera0.3:arm64 (0.3.2+rpt20241119-1) over (0.3.2+rpt20240927-1) ...
Preparing to unpack .../50-libcap2-bin_1%3a2.66-4+deb12u1_arm64.deb ...
Unpacking libcap2-bin (1:2.66-4+deb12u1) over (1:2.66-4) ...
Preparing to unpack .../51-libcurl3-gnutls_7.88.1-10+deb12u12_arm64.deb ...
Unpacking libcurl3-gnutls:arm64 (7.88.1-10+deb12u12) over (7.88.1-10+deb12u8) ...
Selecting previously unselected package libdtovl0:arm64.
Preparing to unpack .../52-libdtovl0_20250514-1~bookworm_arm64.deb ...
Unpacking libdtovl0:arm64 (20250514-1~bookworm) ...
Progress: [ 45%] [################################################################################################.......................................................................................................................] 8Preparing to unpack .../53-libebml5_1.4.4-1+deb12u1_arm64.deb ...
Unpacking libebml5:arm64 (1.4.4-1+deb12u1) over (1.4.4-1) ...
Preparing to unpack .../54-libfreetype6_2.12.1+dfsg-5+deb12u4_arm64.deb ...
Unpacking libfreetype6:arm64 (2.12.1+dfsg-5+deb12u4) over (2.12.1+dfsg-5+deb12u3) ...
Preparing to unpack .../55-libglib2.0-data_2.74.6-2+deb12u6_all.deb ...
Unpacking libglib2.0-data (2.74.6-2+deb12u6) over (2.74.6-2+deb12u4) ...
Selecting previously unselected package libgpiolib0:arm64.
Preparing to unpack .../56-libgpiolib0_20250514-1~bookworm_arm64.deb ...
Progress: [ 46%] [###################################################################################################....................................................................................................................] 8Unpacking libgpiolib0:arm64 (20250514-1~bookworm) ...
Preparing to unpack .../57-libicu72_72.1-3+deb12u1_arm64.deb ...
Unpacking libicu72:arm64 (72.1-3+deb12u1) over (72.1-3) ...
Preparing to unpack .../58-network-manager_1.42.4-1+rpt1+deb12u1_arm64.deb ...
Unpacking network-manager (1.42.4-1+rpt1+deb12u1) over (1.42.4-1+rpt1) ...
Preparing to unpack .../59-libnm0_1.42.4-1+rpt1+deb12u1_arm64.deb ...
Unpacking libnm0:arm64 (1.42.4-1+rpt1+deb12u1) over (1.42.4-1+rpt1) ...
Progress: [ 47%] [#####################################################################################################..................................................................................................................] 8Preparing to unpack .../60-libnuma1_2.0.18-1~rpt1_arm64.deb ...
Unpacking libnuma1:arm64 (2.0.18-1~rpt1) over (2.0.16-1) ...
Preparing to unpack .../61-libqt5core5a_5.15.8+dfsg-11+deb12u3_arm64.deb ...
Unpacking libqt5core5a:arm64 (5.15.8+dfsg-11+deb12u3) over (5.15.8+dfsg-11+deb12u2) ...
Preparing to unpack .../62-libtiff6_4.5.0-6+deb12u2_arm64.deb ...
Unpacking libtiff6:arm64 (4.5.0-6+deb12u2) over (4.5.0-6+deb12u1) ...
Progress: [ 48%] [#######################################################################################################................................................................................................................] 8Preparing to unpack .../63-libudisks2-0_2.9.4-4+deb12u1_arm64.deb ...
Unpacking libudisks2-0:arm64 (2.9.4-4+deb12u1) over (2.9.4-4) ...
Preparing to unpack .../64-libxml2_2.9.14+dfsg-1.3~deb12u2_arm64.deb ...
Unpacking libxml2:arm64 (2.9.14+dfsg-1.3~deb12u2) over (2.9.14+dfsg-1.3~deb12u1) ...
Selecting previously unselected package linux-headers-6.12.25+rpt-common-rpi.
Preparing to unpack .../65-linux-headers-6.12.25+rpt-common-rpi_1%3a6.12.25-1+rpt1_all.deb ...
Unpacking linux-headers-6.12.25+rpt-common-rpi (1:6.12.25-1+rpt1) ...
Selecting previously unselected package linux-image-6.12.25+rpt-rpi-2712.
Preparing to unpack .../66-linux-image-6.12.25+rpt-rpi-2712_1%3a6.12.25-1+rpt1_arm64.deb ...
Progress: [ 49%] [#########################################################################################################..............................................................................................................] 8Unpacking linux-image-6.12.25+rpt-rpi-2712 (1:6.12.25-1+rpt1) ...
Selecting previously unselected package linux-kbuild-6.12.25+rpt.
Preparing to unpack .../67-linux-kbuild-6.12.25+rpt_1%3a6.12.25-1+rpt1_arm64.deb ...
Unpacking linux-kbuild-6.12.25+rpt (1:6.12.25-1+rpt1) ...
Selecting previously unselected package linux-headers-6.12.25+rpt-rpi-2712.
Preparing to unpack .../68-linux-headers-6.12.25+rpt-rpi-2712_1%3a6.12.25-1+rpt1_arm64.deb ...
Unpacking linux-headers-6.12.25+rpt-rpi-2712 (1:6.12.25-1+rpt1) ...
Selecting previously unselected package linux-image-6.12.25+rpt-rpi-v8.
Preparing to unpack .../69-linux-image-6.12.25+rpt-rpi-v8_1%3a6.12.25-1+rpt1_arm64.deb ...
Unpacking linux-image-6.12.25+rpt-rpi-v8 (1:6.12.25-1+rpt1) ...
Progress: [ 50%] [###########################################################################################################............................................................................................................] 8Selecting previously unselected package linux-headers-6.12.25+rpt-rpi-v8.
Preparing to unpack .../70-linux-headers-6.12.25+rpt-rpi-v8_1%3a6.12.25-1+rpt1_arm64.deb ...
Unpacking linux-headers-6.12.25+rpt-rpi-v8 (1:6.12.25-1+rpt1) ...
Preparing to unpack .../71-linux-headers-rpi-2712_1%3a6.12.25-1+rpt1_arm64.deb ...
Unpacking linux-headers-rpi-2712 (1:6.12.25-1+rpt1) over (1:6.6.51-1+rpt3) ...
Preparing to unpack .../72-linux-headers-rpi-v8_1%3a6.12.25-1+rpt1_arm64.deb ...
Unpacking linux-headers-rpi-v8 (1:6.12.25-1+rpt1) over (1:6.6.51-1+rpt3) ...
Preparing to unpack .../73-linux-image-rpi-2712_1%3a6.12.25-1+rpt1_arm64.deb ...
Progress: [ 51%] [#############################################################################################################..........................................................................................................] 8Unpacking linux-image-rpi-2712 (1:6.12.25-1+rpt1) over (1:6.6.51-1+rpt3) ...
Preparing to unpack .../74-linux-image-rpi-v8_1%3a6.12.25-1+rpt1_arm64.deb ...
Unpacking linux-image-rpi-v8 (1:6.12.25-1+rpt1) over (1:6.6.51-1+rpt3) ...
Preparing to unpack .../75-net-tools_2.10-0.1+deb12u2_arm64.deb ...
Unpacking net-tools (2.10-0.1+deb12u2) over (2.10-0.1) ...
Preparing to unpack .../76-python3-pkg-resources_66.1.1-1+deb12u1_all.deb ...
Progress: [ 52%] [###############################################################################################################........................................................................................................] 8Unpacking python3-pkg-resources (66.1.1-1+deb12u1) over (66.1.1-1) ...
Preparing to unpack .../77-python3-urllib3_1.26.12-1+deb12u1_all.deb ...
Unpacking python3-urllib3 (1.26.12-1+deb12u1) over (1.26.12-1) ...
Preparing to unpack .../78-raspi-utils-core_20250514-1~bookworm_arm64.deb ...
Unpacking raspi-utils-core (20250514-1~bookworm) over (20240903-1) ...
Preparing to unpack .../79-rpi-eeprom_28.2-1_all.deb ...
Unpacking rpi-eeprom (28.2-1) over (26.4-1) ...
dpkg: warning: unable to delete old directory '/lib/firmware/raspberrypi/bootloader-2712/latest': Directory not empty
dpkg: warning: unable to delete old directory '/lib/firmware/raspberrypi/bootloader-2712/default': Directory not empty
dpkg: warning: unable to delete old directory '/lib/firmware/raspberrypi/bootloader-2712': Directory not empty
dpkg: warning: unable to delete old directory '/lib/firmware/raspberrypi/bootloader-2711/latest': Directory not empty
dpkg: warning: unable to delete old directory '/lib/firmware/raspberrypi/bootloader-2711/default': Directory not empty
dpkg: warning: unable to delete old directory '/lib/firmware/raspberrypi/bootloader-2711': Directory not empty
dpkg: warning: unable to delete old directory '/lib/firmware/raspberrypi': Directory not empty
Progress: [ 53%] [##################################################################################################################.....................................................................................................] 8Preparing to unpack .../80-raspinfo_20250514-1~bookworm_all.deb ...
Unpacking raspinfo (20250514-1~bookworm) over (20240903-1) ...
Preparing to unpack .../81-raspi-utils-otp_20250514-1~bookworm_all.deb ...
Unpacking raspi-utils-otp (20250514-1~bookworm) over (20240903-1) ...
Preparing to unpack .../82-raspi-utils-eeprom_20250514-1~bookworm_arm64.deb ...
Unpacking raspi-utils-eeprom (20250514-1~bookworm) over (20240903-1) ...
Preparing to unpack .../83-raspi-utils-dt_20250514-1~bookworm_arm64.deb ...
Progress: [ 54%] [####################################################################################################################...................................................................................................] 8Unpacking raspi-utils-dt (20250514-1~bookworm) over (20240903-1) ...
Preparing to unpack .../84-raspi-utils_20250514-1~bookworm_all.deb ...
Unpacking raspi-utils (20250514-1~bookworm) over (20240903-1) ...
Preparing to unpack .../85-raspi-config_20250618_all.deb ...
Unpacking raspi-config (20250618) over (20241119) ...
Removing obsolete conffile /etc/init.d/raspi-config ...
Removing obsolete conffile /etc/default/cpu_governor ...
Preparing to unpack .../86-raspberrypi-net-mods_1.4.3_all.deb ...
Unpacking raspberrypi-net-mods (1.4.3) over (1.4.2) ...
Progress: [ 55%] [######################################################################################################################.................................................................................................] 8Preparing to unpack .../87-raspberrypi-sys-mods_20250605~bookworm_arm64.deb ...
Unpacking raspberrypi-sys-mods (20250605~bookworm) over (20241111) ...
Preparing to unpack .../88-rfkill_2.38.1-5+deb12u3_arm64.deb ...
Unpacking rfkill (2.38.1-5+deb12u3) over (2.38.1-5+deb12u2) ...
Preparing to unpack .../89-rpicam-apps-lite_1.7.0-1_arm64.deb ...
Unpacking rpicam-apps-lite (1.7.0-1) over (1.5.2-2) ...
Progress: [ 56%] [########################################################################################################################...............................................................................................] 8Preparing to unpack .../90-ssh_1%3a9.2p1-2+deb12u6_all.deb ...
Unpacking ssh (1:9.2p1-2+deb12u6) over (1:9.2p1-2+deb12u3) ...
Preparing to unpack .../91-udisks2_2.9.4-4+deb12u1_arm64.deb ...
Unpacking udisks2 (2.9.4-4+deb12u1) over (2.9.4-4) ...
Preparing to unpack .../92-userconf-pi_0.11_all.deb ...
Unpacking userconf-pi (0.11) over (0.10) ...
Preparing to unpack .../93-wireless-regdb_2025.02.20-1~deb12u1_all.deb ...
Progress: [ 57%] [##########################################################################################################################.............................................................................................] 8Unpacking wireless-regdb (2025.02.20-1~deb12u1) over (2022.06.06-1) ...
Setting up python3-pkg-resources (66.1.1-1+deb12u1) ...
Setting up libebml5:arm64 (1.4.4-1+deb12u1) ...
Setting up libabsl20220623:arm64 (20220623.1-1+deb12u2) ...
Progress: [ 58%] [############################################################################################################################...........................................................................................] 8Setting up firmware-intel-graphics (1:20240709-2~bpo12+1+rpt3) ...
Setting up net-tools (2.10-0.1+deb12u2) ...
Setting up python3-setuptools-whl (66.1.1-1+deb12u1) ...
Setting up libnfsidmap1:arm64 (1:2.6.2-4+deb12u1) ...
Progress: [ 59%] [###############################################################################################################################........................................................................................] 8Setting up libc-l10n (2.36-9+rpt2+deb12u12) ...
Setting up cpp-12 (12.2.0-14+deb12u1) ...
Setting up raspi-utils-eeprom (20250514-1~bookworm) ...
Progress: [ 60%] [#################################################################################################################################......................................................................................] 8Setting up libicu72:arm64 (72.1-3+deb12u1) ...
Setting up raspi-utils-otp (20250514-1~bookworm) ...
Setting up bsdextrautils (2.38.1-5+deb12u3) ...
Progress: [ 61%] [###################################################################################################################################....................................................................................] 8Setting up wget (1.21.3-1+deb12u1) ...
Setting up libavif15:arm64 (0.11.1-1+deb12u1) ...
Setting up libdtovl0:arm64 (20250514-1~bookworm) ...
Setting up libglib2.0-0:arm64 (2.74.6-2+deb12u6) ...
Progress: [ 62%] [#####################################################################################################################################..................................................................................] 8No schema files found: doing nothing.
Setting up distro-info-data (0.58+deb12u4) ...
Setting up firmware-marvell-prestera (1:20240709-2~bpo12+1+rpt3) ...
Setting up wireless-regdb (2025.02.20-1~deb12u1) ...
Progress: [ 63%] [#######################################################################################################################################................................................................................] 8Setting up firmware-atheros (1:20240709-2~bpo12+1+rpt3) ...
Setting up firmware-misc-nonfree (1:20240709-2~bpo12+1+rpt3) ...
Setting up linux-libc-dev (1:6.12.25-1+rpt1) ...
Progress: [ 64%] [#########################################################################################################################################..............................................................................] 8Setting up firmware-nvidia-graphics (1:20240709-2~bpo12+1+rpt3) ...
Setting up dnsmasq-base (2.90-4~deb12u1) ...
Removing obsolete conffile /etc/dbus-1/system.d/dnsmasq.conf ...
Setting up libgomp1:arm64 (12.2.0-14+deb12u1) ...
Setting up firmware-intel-misc (1:20240709-2~bpo12+1+rpt3) ...
Progress: [ 65%] [###########################################################################################################################################............................................................................] 8Setting up locales (2.36-9+rpt2+deb12u12) ...
Generating locales (this might take a while)...
  en_GB.UTF-8... done
Generation complete.
Setting up libc6-dbg:arm64 (2.36-9+rpt2+deb12u12) ...
Setting up libkrb5support0:arm64 (1.20.1-2+deb12u3) ...
Progress: [ 66%] [##############################################################################################################################################.........................................................................] 8Setting up dns-root-data (2024071801~deb12u1) ...
Setting up tzdata (2025b-0+deb12u1) ...

Current default time zone: 'Europe/Madrid'
Local time is now:      Sun Jun 29 15:10:44 CEST 2025.
Universal Time is now:  Sun Jun 29 13:10:44 UTC 2025.
Run 'dpkg-reconfigure tzdata' if you wish to change it.

Setting up libcap2-bin (1:2.66-4+deb12u1) ...
Setting up eject (2.38.1-5+deb12u3) ...
Progress: [ 67%] [################################################################################################################################################.......................................................................] 8Setting up busybox (1:1.35.0-4+b4) ...
Setting up perl-modules-5.36 (5.36.0-7+deb12u2) ...
Setting up libglib2.0-data (2.74.6-2+deb12u6) ...
Progress: [ 68%] [##################################################################################################################################################.....................................................................] 8Setting up vim-common (2:9.0.1378-2+deb12u2) ...
Setting up libfreetype6:arm64 (2.12.1+dfsg-5+deb12u4) ...
Setting up firmware-brcm80211 (1:20240709-2~bpo12+1+rpt3) ...
Progress: [ 69%] [####################################################################################################################################################...................................................................] 8Setting up libblockdev-utils2:arm64 (2.28-2+deb12u1) ...
Setting up firmware-mediatek (1:20240709-2~bpo12+1+rpt3) ...
Setting up firmware-realtek (1:20240709-2~bpo12+1+rpt3) ...
Setting up libavahi-common-data:arm64 (0.8-10+deb12u1) ...
Progress: [ 70%] [######################################################################################################################################################.................................................................] 8Setting up xz-utils (5.4.1-1) ...
Setting up libpisp-common (1.2.1-1) ...
Setting up rfkill (2.38.1-5+deb12u3) ...
Progress: [ 71%] [########################################################################################################################################################...............................................................] 8Setting up libatomic1:arm64 (12.2.0-14+deb12u1) ...
Setting up udev (252.38-1~deb12u1) ...
Setting up libgpiolib0:arm64 (20250514-1~bookworm) ...
Progress: [ 72%] [##########################################################################################################################################################.............................................................] 8Setting up libsystemd-shared:arm64 (252.38-1~deb12u1) ...
Setting up ucf (3.0043+nmu1+deb12u1) ...
Setting up libk5crypto3:arm64 (1.20.1-2+deb12u3) ...
Setting up libqt5core5a:arm64 (5.15.8+dfsg-11+deb12u3) ...
Progress: [ 73%] [#############################################################################################################################################################..........................................................] 8Setting up libnm0:arm64 (1.42.4-1+rpt1+deb12u1) ...
Setting up python3-urllib3 (1.26.12-1+deb12u1) ...
Setting up libfdisk1:arm64 (2.38.1-5+deb12u3) ...
Progress: [ 74%] [###############################################################################################################################################################........................................................] 8Setting up libubsan1:arm64 (12.2.0-14+deb12u1) ...
Setting up libnuma1:arm64 (2.0.18-1~rpt1) ...
Setting up mount (2.38.1-5+deb12u3) ...
Setting up firmware-libertas (1:20240709-2~bpo12+1+rpt3) ...
Progress: [ 75%] [#################################################################################################################################################################......................................................] 8Setting up libhwasan0:arm64 (12.2.0-14+deb12u1) ...
Setting up libtiff6:arm64 (4.5.0-6+deb12u2) ...
Setting up libasan8:arm64 (12.2.0-14+deb12u1) ...
Progress: [ 76%] [###################################################################################################################################################################....................................................] 8Setting up linux-kbuild-6.12.25+rpt (1:6.12.25-1+rpt1) ...
Setting up libblockdev-part-err2:arm64 (2.28-2+deb12u1) ...
Setting up libpisp1:arm64 (1.2.1-1) ...
Progress: [ 77%] [#####################################################################################################################################################################..................................................] 8Setting up libkrb5-3:arm64 (1.20.1-2+deb12u3) ...
Setting up libpython3.11-minimal:arm64 (3.11.2-6+deb12u6) ...
Setting up libtsan2:arm64 (12.2.0-14+deb12u1) ...
Setting up initramfs-tools-core (0.142+rpt3+deb12u3) ...
Progress: [ 78%] [#######################################################################################################################################################################................................................] 8Setting up libc-dev-bin (2.36-9+rpt2+deb12u12) ...
Setting up openssl (3.0.16-1~deb12u1+rpt1) ...
Setting up linux-headers-6.12.25+rpt-common-rpi (1:6.12.25-1+rpt1) ...
Progress: [ 79%] [##########################################################################################################################################################################.............................................] 8Setting up libxml2:arm64 (2.9.14+dfsg-1.3~deb12u2) ...
Setting up libcc1-0:arm64 (12.2.0-14+deb12u1) ...
Setting up libperl5.36:arm64 (5.36.0-7+deb12u2) ...
Progress: [ 80%] [############################################################################################################################################################################...........................................] 8Setting up liblsan0:arm64 (12.2.0-14+deb12u1) ...
Setting up libitm1:arm64 (12.2.0-14+deb12u1) ...
Setting up rsync (3.2.7-1+deb12u2) ...
rsync.service is a disabled or a static unit not running, not starting it.
Setting up raspi-utils-core (20250514-1~bookworm) ...
Progress: [ 81%] [##############################################################################################################################################################################.........................................] 8Setting up libudisks2-0:arm64 (2.9.4-4+deb12u1) ...
Setting up libc-devtools (2.36-9+rpt2+deb12u12) ...
Setting up python3.11-minimal (3.11.2-6+deb12u6) ...
Progress: [ 82%] [################################################################################################################################################################################.......................................] 8Setting up libblockdev-crypto2:arm64 (2.28-2+deb12u1) ...
Setting up initramfs-tools (0.142+rpt3+deb12u3) ...
update-initramfs: deferring update (trigger activated)
Setting up libblockdev-swap2:arm64 (2.28-2+deb12u1) ...
Setting up libpython3.11-stdlib:arm64 (3.11.2-6+deb12u6) ...
Progress: [ 83%] [##################################################################################################################################################################################.....................................] 8Setting up linux-image-6.12.25+rpt-rpi-2712 (1:6.12.25-1+rpt1) ...
/etc/kernel/postinst.d/initramfs-tools:
update-initramfs: Generating /boot/initrd.img-6.12.25+rpt-rpi-2712
'/boot/initrd.img-6.12.25+rpt-rpi-2712' -> '/boot/firmware/initramfs_2712'
/etc/kernel/postinst.d/z50-raspi-firmware:
'/boot/vmlinuz-6.12.25+rpt-rpi-2712' -> '/boot/firmware/kernel_2712.img'
Setting up libavahi-common3:arm64 (0.8-10+deb12u1) ...
Setting up libblockdev-loop2:arm64 (2.28-2+deb12u1) ...
Setting up systemd (252.38-1~deb12u1) ...
Progress: [ 84%] [####################################################################################################################################################################################...................................] 8Setting up libblockdev2:arm64 (2.28-2+deb12u1) ...
Setting up vim-tiny (2:9.0.1378-2+deb12u2) ...
Setting up fdisk (2.38.1-5+deb12u3) ...
Progress: [ 85%] [######################################################################################################################################################################################.................................] 8Setting up linux-image-rpi-2712 (1:6.12.25-1+rpt1) ...
Setting up ca-certificates (20230311+deb12u1) ...
Updating certificates in /etc/ssl/certs...
rehash: warning: skipping ca-certificates.crt,it does not contain exactly one certificate or CRL
2 added, 0 removed; done.
Setting up perl (5.36.0-7+deb12u2) ...
Setting up libgcc-12-dev:arm64 (12.2.0-14+deb12u1) ...
Progress: [ 86%] [########################################################################################################################################################################################...............................] 8Setting up raspi-firmware (1:1.20250430-4~bookworm) ...
Installing new version of config file /etc/initramfs/post-update.d/z50-raspi-firmware ...
Installing new version of config file /etc/kernel/postinst.d/z50-raspi-firmware ...
'/boot/vmlinuz-6.12.25+rpt-rpi-2712' -> '/boot/firmware/kernel_2712.img'
'/boot/vmlinuz-6.12.25+rpt-rpi-v8' -> '/boot/firmware/kernel8.img'
Setting up systemd-timesyncd (252.38-1~deb12u1) ...
Setting up libgssapi-krb5-2:arm64 (1.20.1-2+deb12u3) ...
Setting up libblockdev-fs2:arm64 (2.28-2+deb12u1) ...
Progress: [ 87%] [###########################################################################################################################################################################################............................] 8Setting up linux-image-6.12.25+rpt-rpi-v8 (1:6.12.25-1+rpt1) ...
/etc/kernel/postinst.d/initramfs-tools:
update-initramfs: Generating /boot/initrd.img-6.12.25+rpt-rpi-v8
'/boot/initrd.img-6.12.25+rpt-rpi-v8' -> '/boot/firmware/initramfs8'
/etc/kernel/postinst.d/z50-raspi-firmware:
'/boot/vmlinuz-6.12.25+rpt-rpi-v8' -> '/boot/firmware/kernel8.img'
Setting up libcurl4:arm64 (7.88.1-10+deb12u12) ...
Setting up libc6-dev:arm64 (2.36-9+rpt2+deb12u12) ...
Progress: [ 88%] [#############################################################################################################################################################################################..........................] 8Setting up curl (7.88.1-10+deb12u12) ...
Setting up libavahi-core7:arm64 (0.8-10+deb12u1) ...
Setting up python3.11 (3.11.2-6+deb12u6) ...
Setting up systemd-sysv (252.38-1~deb12u1) ...
Progress: [ 89%] [###############################################################################################################################################################################################........................] 8Setting up libpython3.11:arm64 (3.11.2-6+deb12u6) ...
Setting up libstdc++-12-dev:arm64 (12.2.0-14+deb12u1) ...
Setting up openssh-client (1:9.2p1-2+deb12u6) ...
Progress: [ 90%] [#################################################################################################################################################################################################......................] 8Setting up raspi-utils-dt (20250514-1~bookworm) ...
Setting up libcurl3-gnutls:arm64 (7.88.1-10+deb12u12) ...
Setting up network-manager (1.42.4-1+rpt1+deb12u1) ...
Progress: [ 91%] [###################################################################################################################################################################################################....................] 8Setting up libblockdev-part2:arm64 (2.28-2+deb12u1) ...
Setting up nfs-common (1:2.6.2-4+deb12u1) ...
auth-rpcgss-module.service is a disabled or a static unit not running, not starting it.
nfs-idmapd.service is a disabled or a static unit not running, not starting it.
nfs-utils.service is a disabled or a static unit not running, not starting it.
proc-fs-nfsd.mount is a disabled or a static unit not running, not starting it.
rpc-gssd.service is a disabled or a static unit not running, not starting it.
rpc-statd.service is a disabled or a static unit not running, not starting it.
rpc-svcgssd.service is a disabled or a static unit not running, not starting it.
var-lib-nfs-rpc_pipefs.mount is a disabled or a static unit not running, not starting it.
Setting up python3.11-venv (3.11.2-6+deb12u6) ...
Setting up gcc-12 (12.2.0-14+deb12u1) ...
Progress: [ 92%] [#####################################################################################################################################################################################################..................] 8Setting up linux-image-rpi-v8 (1:6.12.25-1+rpt1) ...
Setting up avahi-daemon (0.8-10+deb12u1) ...
Setting up libpam-systemd:arm64 (252.38-1~deb12u1) ...
Progress: [ 93%] [########################################################################################################################################################################################################...............] 8Setting up g++-12 (12.2.0-14+deb12u1) ...
Setting up openssh-sftp-server (1:9.2p1-2+deb12u6) ...
Setting up udisks2 (2.9.4-4+deb12u1) ...
Setting up linux-headers-6.12.25+rpt-rpi-2712 (1:6.12.25-1+rpt1) ...
Progress: [ 94%] [##########################################################################################################################################################################################################.............] 8Setting up linux-headers-6.12.25+rpt-rpi-v8 (1:6.12.25-1+rpt1) ...
Setting up openssh-server (1:9.2p1-2+deb12u6) ...
rescue-ssh.target is a disabled or a static unit not running, not starting it.
ssh.socket is a disabled or a static unit not running, not starting it.
Setting up linux-headers-rpi-2712 (1:6.12.25-1+rpt1) ...
Progress: [ 95%] [############################################################################################################################################################################################################...........] 8Setting up linux-headers-rpi-v8 (1:6.12.25-1+rpt1) ...
Setting up ssh (1:9.2p1-2+deb12u6) ...
Setting up libcamera0.5:arm64 (0.5.0+rpt20250429-1) ...
Progress: [ 96%] [##############################################################################################################################################################################################################.........] 8Setting up raspinfo (20250514-1~bookworm) ...
Setting up raspi-utils (20250514-1~bookworm) ...
Setting up libcamera-ipa:arm64 (0.5.0+rpt20250429-1) ...
Setting up rpicam-apps-lite (1.7.0-1) ...
Progress: [ 97%] [################################################################################################################################################################################################################.......] 8Setting up 
