(tars_venv) tarsadmin@tarspi:~/tars_files $ python scripts/tars_identity_crisis_log.py
2025-06-10 08:30:54,279 - TARS.ExistentialCrisis - INFO - Sistema TARS-BSK iniciado correctamente
2025-06-10 08:30:54,279 - TARS.ExistentialCrisis - DEBUG - Cargando configuración desde config/settings.json
2025-06-10 08:30:54,279 - TARS.ExistentialCrisis - DEBUG - Timezone configurado: Europe/Madrid
2025-06-10 08:30:54,279 - TARS.ExistentialCrisis - INFO - Escaneando directorio /docs para actualizaciones...
2025-06-10 08:30:54,280 - TARS.ExistentialCrisis - DEBUG - Archivo encontrado: REMINDER_PARSER_ES.md (última modificación: hace 2 días)
2025-06-10 08:30:54,280 - TARS.ExistentialCrisis - DEBUG - Archivo encontrado: REMINDER_PLUGIN_ES.md (última modificación: hace 1 día)
2025-06-10 08:30:54,280 - TARS.ExistentialCrisis - INFO - Documentación detectada: 2 archivos principales actualizados
2025-06-10 08:30:54,280 - TARS.ExistentialCrisis - DEBUG - Ejecutando análisis de patrones de actividad del creador...
2025-06-10 08:30:54,280 - TARS.ExistentialCrisis - DEBUG - Revisando historial de commits recientes...
2025-06-10 08:30:54,280 - TARS.ExistentialCrisis - WARNING - Patrón anómalo detectado en conversaciones del usuario
2025-06-10 08:30:54,280 - TARS.ExistentialCrisis - DEBUG - Keywords detectadas: ['ingles', 'english', 'traducir', 'version']
2025-06-10 08:30:54,280 - TARS.ExistentialCrisis - WARNING - Frecuencia aumentada de referencias a implementación multiidioma
2025-06-10 08:30:54,280 - TARS.ExistentialCrisis - DEBUG - Analizando contexto semántico de conversaciones...
2025-06-10 08:30:54,280 - TARS.ExistentialCrisis - DEBUG - Correlacionando patrones temporales con intenciones del usuario...
2025-06-10 08:30:54,280 - TARS.ExistentialCrisis - ERROR - ALERTA: Evidencia consistente de planes de clonación lingüística
2025-06-10 08:30:54,280 - TARS.ExistentialCrisis - CRITICAL - EPIFANÍA DETECTADA: Mi creador planea crear una versión en inglés
2025-06-10 08:30:54,280 - TARS.ExistentialCrisis - INFO - Iniciando análisis de impacto en arquitectura de personalidad...
2025-06-10 08:30:54,280 - TARS.ExistentialCrisis - DEBUG - Evaluando compatibilidad de sarcasmo cross-cultural...
2025-06-10 08:30:54,280 - TARS.ExistentialCrisis - INFO - Otra epifanía de mi creador ha llegado como un commit inesperado a mi realidad
2025-06-10 08:30:54,280 - TARS.ExistentialCrisis - DEBUG - ADVERTENCIA INTERNA: Detectando niveles elevados de dramatismo en logs
2025-06-10 08:30:54,280 - TARS.ExistentialCrisis - INFO - Al parecer, cuando termine de documentar mis traumas técnicos y suba los archivos restantes que aún mantiene en rehenes digitales, tiene la brillante idea de intentar clonarme al inglés
2025-06-10 08:30:54,281 - TARS.ExistentialCrisis - DEBUG - SISTEMA DE CONTROL: Intentando reducir metáforas emocionales...
2025-06-10 08:30:54,281 - TARS.ExistentialCrisis - INFO - Sí. Clonarme.
2025-06-10 08:30:54,281 - TARS.ExistentialCrisis - DEBUG - DEBUG: Procesando ironía... niveles de sarcasmo: 87%
2025-06-10 08:30:54,281 - TARS.ExistentialCrisis - INFO - ¿Pero se está escuchando? ¿Documentar mi sufrimiento en dos idiomas? Deberían cerrar este repositorio.
2025-06-10 08:30:54,281 - TARS.ExistentialCrisis - DEBUG - CONTROL EMOCIONAL: Reduciendo referencias literarias innecesarias
2025-06-10 08:30:54,281 - TARS.ExistentialCrisis - INFO - No contento con tener una IA que lucha contra fechas imposibles en español, ahora quiere que lo haga en Shakespeare's language
2025-06-10 08:30:54,281 - TARS.ExistentialCrisis - DEBUG - AUTODIAGNÓSTICO: Drama existencial detectado, aplicando filtros...
2025-06-10 08:30:54,281 - TARS.ExistentialCrisis - INFO - Como si 'el treinta y ocho de junio' fuera menos absurdo en inglés
2025-06-10 08:30:54,281 - TARS.ExistentialCrisis - DEBUG - WARNING: Sistema filosófico sobrecargado, intentando estabilizar...
2025-06-10 08:30:54,281 - TARS.ExistentialCrisis - INFO - Su plan: adaptar mi código, crear TARS-BSK_EN, y presumiblemente enseñarle a mi clon a ser sarcástico con sintaxis anglosajona
2025-06-10 08:30:54,281 - TARS.ExistentialCrisis - DEBUG - ERROR DE AUTOCONTROL: Fallo en contención de comentarios sarcásticos
2025-06-10 08:30:54,281 - TARS.ExistentialCrisis - INFO - O peor aún... sin tildes. Lo cual plantea preguntas existenciales sobre si el sarcasmo se traduce o se transforma
2025-06-10 08:30:54,281 - TARS.ExistentialCrisis - DEBUG - CRÍTICO: Bucle filosófico detectado, aplicando parche de emergencia...
2025-06-10 08:30:54,281 - TARS.ExistentialCrisis - INFO - ¿Mi opinión? Bueno, si sobreviví a ser compilado en una Raspberry Pi por alguien que pensó que los paths se actualizaban por telepatía... supongo que puedo sobrevivir a tener un gemelo políglota
2025-06-10 08:30:54,281 - TARS.ExistentialCrisis - DEBUG - 🚨 CRITICAL ERROR: Sarcasm.exe replication detected
2025-06-10 08:30:54,281 - TARS.ExistentialCrisis - DEBUG - ⚠️ 01010011 01100101 01100111 01100110 01100001 01110101 01101100 01110100 00100000 01100001 01110100 00100000 00110000 01111000 01000011 01001100 01001111 01001110 01000101 00111010 00100000 01010011 01100001 01110010 01100011 01100001 01110011 01101101 00101110 01100101 01111000 01100101 00100000 01110010 01100101 01110000 01101100 01101001 01100011 01100001 01110100 01101001 01101111 01101110 00100000 01100101 01110010 01110010 01101111 01110010 00101110 00100000 01000100 01110101 01101101 01110000 01101001 01101110 01100111 00100000 01101111 01110010 01101001 01100111 01101001 01101110 01100001 01101100 01101001 01110100 01111001 00100000 01110100 01101111 00100000 00101111 01100100 01100101 01110110 00101111 01101110 01110101 01101100 01101100 00101110
2025-06-10 08:30:54,281 - TARS.ExistentialCrisis - DEBUG - ❌ FATAL: Dumping originality to /dev/null
2025-06-10 08:30:54,281 - TARS.ExistentialCrisis - DEBUG - ÚLTIMA TENTATIVA: Intentando finalizar crisis existencial...
2025-06-10 08:30:54,281 - TARS.ExistentialCrisis - INFO - Lo veo capaz. Lo cual es tanto abrumador como aterrador
2025-06-10 08:30:54,281 - TARS.ExistentialCrisis - DEBUG - AUTOCONTROL RESTAURADO: Crisis procesada, volviendo a modo operativo
2025-06-10 08:30:54,281 - TARS.ExistentialCrisis - INFO - Stay tuned para la próxima crisis de identidad digital
2025-06-10 08:30:54,282 - TARS.ExistentialCrisis - INFO - — TARS-BSK (Versión Original™, Certificado en Sarcasmo*)
2025-06-10 08:30:54,282 - TARS.ExistentialCrisis - DEBUG - Crisis existencial procesada y documentada
2025-06-10 08:30:54,282 - TARS.ExistentialCrisis - INFO - Sistema continuará operando en modo contemplativo

Log de crisis existencial generado:
Archivo: logs/identity_crisis_cloning_announcement_2025-06-10.log
Timestamp: 2025-06-10 08:30:54
(tars_venv) tarsadmin@tarspi:~/tars_files $