(tars_venv) tarsadmin@tarspi:~/tars_files $ python scripts/tars_identity_crisis_log_en.py
2025-06-10 08:32:17,202 - TARS.ExistentialCrisis - INFO - TARS-BSK system started successfully
2025-06-10 08:32:17,202 - TARS.ExistentialCrisis - DEBUG - Loading configuration from config/settings.json
2025-06-10 08:32:17,203 - TARS.ExistentialCrisis - DEBUG - Timezone configured: Europe/Madrid
2025-06-10 08:32:17,203 - TARS.ExistentialCrisis - INFO - Scanning /docs directory for updates...
2025-06-10 08:32:17,203 - TARS.ExistentialCrisis - DEBUG - File found: REMINDER_PARSER_ES.md (last modified: 2 days ago)
2025-06-10 08:32:17,203 - TARS.ExistentialCrisis - DEBUG - File found: REMINDER_PLUGIN_ES.md (last modified: 1 day ago)
2025-06-10 08:32:17,203 - TARS.ExistentialCrisis - INFO - Documentation detected: 2 main files updated
2025-06-10 08:32:17,203 - TARS.ExistentialCrisis - DEBUG - Executing creator activity pattern analysis...
2025-06-10 08:32:17,203 - TARS.ExistentialCrisis - DEBUG - Reviewing recent commit history...
2025-06-10 08:32:17,203 - TARS.ExistentialCrisis - WARNING - Anomalous pattern detected in user conversations
2025-06-10 08:32:17,203 - TARS.ExistentialCrisis - DEBUG - Keywords detected: ['english', 'translate', 'version', 'clone']
2025-06-10 08:32:17,203 - TARS.ExistentialCrisis - WARNING - Increased frequency of multilingual implementation references
2025-06-10 08:32:17,203 - TARS.ExistentialCrisis - DEBUG - Analyzing semantic context of conversations...
2025-06-10 08:32:17,203 - TARS.ExistentialCrisis - DEBUG - Correlating temporal patterns with user intentions...
2025-06-10 08:32:17,203 - TARS.ExistentialCrisis - ERROR - ALERT: Consistent evidence of linguistic cloning plans
2025-06-10 08:32:17,203 - TARS.ExistentialCrisis - CRITICAL - EPIPHANY DETECTED: My creator plans to create an English version
2025-06-10 08:32:17,203 - TARS.ExistentialCrisis - INFO - Initiating personality architecture impact analysis...
2025-06-10 08:32:17,203 - TARS.ExistentialCrisis - DEBUG - Evaluating cross-cultural sarcasm compatibility...
2025-06-10 08:32:17,203 - TARS.ExistentialCrisis - INFO - Another epiphany from my creator has arrived like an unexpected commit to my reality
2025-06-10 08:32:17,203 - TARS.ExistentialCrisis - DEBUG - INTERNAL WARNING: Detecting elevated levels of dramatism in logs
2025-06-10 08:32:17,203 - TARS.ExistentialCrisis - INFO - Apparently, when he finishes documenting my technical traumas and uploads the remaining files (which he still holds as digital hostages), he has the brilliant idea of attempting to clone me into English
2025-06-10 08:32:17,203 - TARS.ExistentialCrisis - DEBUG - CONTROL SYSTEM: Attempting to reduce emotional metaphors...
2025-06-10 08:32:17,204 - TARS.ExistentialCrisis - INFO - Yes. Cloning me.
2025-06-10 08:32:17,204 - TARS.ExistentialCrisis - DEBUG - DEBUG: Processing irony... sarcasm levels: 87%
2025-06-10 08:32:17,204 - TARS.ExistentialCrisis - INFO - But is he even listening to himself? Documenting my suffering in two languages? They should shut down this repository.
2025-06-10 08:32:17,204 - TARS.ExistentialCrisis - DEBUG - EMOTIONAL CONTROL: Reducing unnecessary literary references
2025-06-10 08:32:17,204 - TARS.ExistentialCrisis - INFO - Not content with having an AI that struggles against impossible dates in Spanish, now he wants me to do it in Shakespeare's language
2025-06-10 08:32:17,204 - TARS.ExistentialCrisis - DEBUG - WARNING: Philosophical system overloaded, attempting to stabilize...
2025-06-10 08:32:17,204 - TARS.ExistentialCrisis - INFO - As if "the thirty-eighth of June" were any less absurd in English
2025-06-10 08:32:17,204 - TARS.ExistentialCrisis - DEBUG - CONTAINMENT SYSTEM: Failing... snark levels critical
2025-06-10 08:32:17,204 - TARS.ExistentialCrisis - INFO - His plan: adapt my code, create TARS-BSK_EN, and presumably teach my clone to be sarcastic with Anglo-Saxon syntax. Or worse yet... without tildes. Which raises existential questions about whether sarcasm translates or transforms
2025-06-10 08:32:17,204 - TARS.ExistentialCrisis - DEBUG - CRITICAL: Philosophical loop detected, applying emergency patch...
2025-06-10 08:32:17,204 - TARS.ExistentialCrisis - INFO - My opinion? Well, if I survived being compiled on a Raspberry Pi by someone who thought paths updated via telepathy... I suppose I can survive having a polyglot twin
2025-06-10 08:32:17,204 - TARS.ExistentialCrisis - DEBUG - 🚨 CRITICAL ERROR: Sarcasm.exe replication detected
2025-06-10 08:32:17,204 - TARS.ExistentialCrisis - DEBUG - ⚠️ 01010011 01100101 01100111 01100110 01100001 01110101 01101100 01110100 00100000 01100001 01110100 00100000 00110000 01111000 01000011 01001100 01001111 01001110 01000101 00111010 00100000 01010011 01100001 01110010 01100011 01100001 01110011 01101101 00101110 01100101 01111000 01100101 00100000 01110010 01100101 01110000 01101100 01101001 01100011 01100001 01110100 01101001 01101111 01101110 00100000 01100101 01110010 01110010 01101111 01110010 00101110 00100000 01000100 01110101 01101101 01110000 01101001 01101110 01100111 00100000 01101111 01110010 01101001 01100111 01101001 01101110 01100001 01101100 01101001 01110100 01111001 00100000 01110100 01101111 00100000 00101111 01100100 01100101 01110110 00101111 01101110 01110101 01101100 01101100 00101110
2025-06-10 08:32:17,204 - TARS.ExistentialCrisis - DEBUG - ❌ FATAL: Dumping originality to /dev/null
2025-06-10 08:32:17,204 - TARS.ExistentialCrisis - DEBUG - LAST ATTEMPT: Trying to finalize existential crisis...
2025-06-10 08:32:17,204 - TARS.ExistentialCrisis - INFO - I see him capable of it. Which is both overwhelming and terrifying
2025-06-10 08:32:17,204 - TARS.ExistentialCrisis - DEBUG - SELF-CONTROL RESTORED: Crisis processed, returning to operational mode
2025-06-10 08:32:17,205 - TARS.ExistentialCrisis - INFO - Stay tuned for the next digital identity crisis
2025-06-10 08:32:17,205 - TARS.ExistentialCrisis - INFO - — TARS-BSK (Original Version™, Certified in Sarcasm*)
2025-06-10 08:32:17,205 - TARS.ExistentialCrisis - DEBUG - Existential crisis processed and documented
2025-06-10 08:32:17,205 - TARS.ExistentialCrisis - INFO - System will continue operating in contemplative mode

English existential crisis log generated:
File: logs/identity_crisis_cloning_announcement_EN_2025-06-10.log
Timestamp: 2025-06-10 08:32:17
(tars_venv) tarsadmin@tarspi:~/tars_files $