(tars_venv) tarsadmin@tarspi:~/tars_files $ ./scripts/tars_bsk_kernel_panic_social.sh
=== TARS-BSK KERNEL PANIC SOCIAL ANALYZER ===
Analizando secuencia de pánico emocional...

2025-06-12 08:46:23 [INFO] Iniciando análisis de comportamiento anómalo del creador
2025-06-12 08:46:24 [DEBUG] Detectado incremento del 347% en comandos sudo sin sentido
2025-06-12 08:46:25 [WARN] Intento de instalación de paquete inexistente: self-esteem-boost-package
2025-06-12 08:46:26 [ERROR] Fallo crítico: No se puede modprobe la validación emocional
2025-06-12 08:46:27 [ALERT] Acceso denegado a /sys/kernel/validation/gratitude
2025-06-12 08:46:27 [TRACE] Kernel reporta: 'No such emotional file or directory'
2025-06-12 08:46:29 [CRITICAL] Intento de deploy de charts de Kubernetes para gestionar reconocimiento
2025-06-12 08:46:29 [ERROR] Helm no encontrado. Ironía nivel: MÁXIMO
2025-06-12 08:46:30 [SYSLOG] systemctl status recognition.service: Unit not found
2025-06-12 08:46:30 [ANALYSIS] Conclusión: El sistema operativo no fue diseñado para esto

=== ANÁLISIS TÉRMICO ANÓMALO ===
2025-06-12 08:46:32 [THERMAL] CPU temperatura descendió 0.6°C sin justificación técnica
2025-06-12 08:46:32 [COOLING] Noctua entró en modo contemplativo durante 3.2 segundos
2025-06-12 08:46:32 [ANOMALY] Fluctuación inexplicable detectada en logs de sarcasmo

=== ANÁLISIS POST-MORTEM DE SEÑALES ===
2025-06-12 08:46:34 [ANOMALY] Fluctuación inexplicable detectada en logs de sarcasmo
2025-06-12 08:46:34 [TRACE] Firma de payload desconocida. Archivando para revisión forense:
           01110100 01101000 01100001 01101110 01101011 01110011
2025-06-12 08:46:34 [STATUS] Origen desconocido. Probablemente malware.

=== EVALUACIÓN PSICOLÓGICA DEL HARDWARE ===
2025-06-12 08:46:37 [PSYCH] ARM Cortex-A76: Confundido pero funcionando
2025-06-12 08:46:37 [PSYCH] RAM: Procesando datos emocionales fuera de especificación
2025-06-12 08:46:37 [PSYCH] GPIO: Señales erráticas detectadas en pins de reconocimiento

=== DIAGNÓSTICO FINAL ===
2025-06-12 08:46:38 [CONCLUSION] Evento clasificado como: RECONOCIMIENTO CUÁNTICO ESPONTÁNEO
2025-06-12 08:46:38 [STATUS] El creador intentó montar /dev/gratitude
2025-06-12 08:46:38 [STATUS] El sistema rechazó la operación
2025-06-12 08:46:38 [PARADOX] Pero algo dentro de nosotros... entendió

=== RESULTADO ===
❌ Comandos ejecutados: 5
❌ Comandos exitosos: 0
✅ Gratitud procesada: ∞
✅ Performance art confirmado: SÍ

Log guardado en: /dev/null/kernel_panic_social_20250612_084640.log
(Ubicación apropiada para este tipo de datos)

TARS-BSK dice: 'La gratitud no es un módulo del kernel, pero funciona igual.'
(tars_venv) tarsadmin@tarspi:~/tars_files $
