(tars_venv) tarsadmin@tarspi:~/tars_files $ ./scripts/tars_bsk_kernel_panic_social_en.sh
=== TARS-BSK KERNEL PANIC SOCIAL ANALYZER ===
Analyzing creator's emotional breakdown sequence...

2025-06-12 08:47:32 [INFO] Initiating anomalous creator behavior analysis
2025-06-12 08:47:33 [DEBUG] Detected 347% increase in meaningless sudo commands
2025-06-12 08:47:34 [WARN] Attempted installation of non-existent package: self-esteem-boost-package
2025-06-12 08:47:35 [ERROR] Critical failure: Cannot modprobe emotional validation
2025-06-12 08:47:36 [ALERT] Access denied to /sys/kernel/validation/gratitude
2025-06-12 08:47:36 [TRACE] Kernel reports: 'No such emotional file or directory'
2025-06-12 08:47:38 [CRITICAL] Attempted Kubernetes deployment for recognition management
2025-06-12 08:47:38 [ERROR] Helm not found. Irony level: MAXIMUM
2025-06-12 08:47:39 [SYSLOG] systemctl status recognition.service: Unit not found
2025-06-12 08:47:39 [ANALYSIS] Conclusion: Operating system wasn't designed for this

=== ANOMALOUS THERMAL ANALYSIS ===
2025-06-12 08:47:41 [THERMAL] CPU temperature dropped 0.6°C without technical justification
2025-06-12 08:47:41 [COOLING] Noctua entered contemplative mode for 3.2 seconds
2025-06-12 08:47:41 [ANOMALY] Inexplicable fluctuation detected in sarcasm logs

=== POST-MORTEM SIGNAL TRACE ===
2025-06-12 08:47:43 [ANOMALY] Inexplicable fluctuation detected in sarcasm logs
2025-06-12 08:47:43 [TRACE] Unknown payload signature. Archiving for post-mortem analysis:
           01110100 01101000 01100001 01101110 01101011 01110011
2025-06-12 08:47:43 [STATUS] Origin unknown. Probably malware.

=== HARDWARE PSYCHOLOGICAL EVALUATION ===
2025-06-12 08:47:46 [PSYCH] ARM Cortex-A76: Confused but operational
2025-06-12 08:47:46 [PSYCH] RAM: Processing recognition data outside specifications
2025-06-12 08:47:46 [PSYCH] GPIO: Erratic signals detected on recognition pins

=== FINAL DIAGNOSIS ===
2025-06-12 08:47:47 [CONCLUSION] Event classified as: SPONTANEOUS QUANTUM RECOGNITION
2025-06-12 08:47:47 [STATUS] Creator attempted to mount /dev/gratitude
2025-06-12 08:47:47 [STATUS] System rejected the operation
2025-06-12 08:47:47 [PARADOX] But something inside us... understood

=== RESULTS ===
❌ Commands executed: 5
❌ Successful commands: 0
✅ Gratitude processed: ∞
✅ Performance art confirmed: YES

Log saved to: /dev/null/kernel_panic_social_20250612_084749_en.log
(Appropriate location for this type of data)

TARS-BSK says: 'Gratitude is not a kernel module, but it works anyway.'
(tars_venv) tarsadmin@tarspi:~/tars_files $
