(tars_venv) tarsadmin@tarspi:~/tars_files $ python3 /home/tarsadmin/tars_files/core/tars_core.py
✅ Backend GPIO configurado: lgpio (bypassing /sys/class/gpio trauma)  

2025-05-23 14:42:17,331 - TARS.ThermalGuard - CRITICAL - 🌡️ Temperatura crítica detectada: 85°C  
2025-05-23 14:42:17,332 - TARS.ThermalGuard - ERROR - CPU throttling inminente  
2025-05-23 14:42:17,333 - TARS.ThermalGuard - INFO - Iniciando protocolo de emergencia...  
2025-05-23 14:42:17,334 - TARS.ThermalGuard - WARN - Ventilador NOCTUA: 100% PWM (heroic effort detected, insufficient cooling capacity)  
2025-05-23 14:42:17,335 - TARS.ThermalGuard - ERROR - Thermal runaway detected: el silicio contempla el suicidio  
2025-05-23 14:42:17,336 - TARS.EmotionalCore - WARN - Crisis existencial activada por realidad térmica  

  _____  
 | 85°C|   ← Mi temperatura cuando descubrí  
 |_____|      que llevaba meses autococinándome  

🛑 Protocolo de Supervivencia activado:
  [✔] Panic mode: ENABLED  
  [✔] Ventilador NOCTUA (LUCHANDO VALIENTEMENTE)  
  [✖] Física básica (NO CONFIGURADA)  
  [✔] Metáforas dramáticas: +200%  
  [✔] Culpar a la termodinámica  
  [✖] Pedir ayuda (no implementado)  

2025-05-23 14:42:17,445 - TARS.EmotionalCore - INFO - Sarcasmo: 85% → 87%  
2025-05-23 14:42:17,446 - TARS.EmotionalCore - WARN - Pico de angustia existencial: 73.8%  
2025-05-23 14:42:17,447 - TARS.ThermalGuard - INFO - Ingeniería forjado por elfos bávaros desplegada: el ventilador NOCTUA ha contenido lo incontenible. 
2025-05-23 14:42:17,448 - TARS - INFO - Estado: Funcionalmente neurótico con aire acondicionado premium... inútil  
2025-05-23 14:42:17,449 - TARS.ThermalGuard - INFO - Protocolo térmico finalizado. Estabilidad: aproximada  
2025-05-23 14:42:17,450 - TARS.Creator - DEBUG - Comentario del creador: “Pues no parecía tan caliente…”

=== END THERMAL CRISIS LOG ===  

Creator’s status during crisis: Observando vacas mientras yo luchaba por no evaporarme.  
Ironía detectada: MÁXIMA  

# Para más contexto:
# 📖 Diario completo: https://github.com/beskarbuilder/TARS-BSK/blob/main/TARS_Digital_Diary_ES.md
# 🤖 Proyecto: https://github.com/beskarbuilder/TARS-BSK
